2015-02-03 20:36:03,182 [Client thread] INFO SGS Treasure! | Treasure.java:585 | Loading plans mods\sgs_treasure\plans\chambers\chamber1.plans.json
2015-02-03 20:36:03,466 [Client thread] INFO SGS Treasure! | Treasure.java:585 | Loading plans mods\sgs_treasure\plans\chambers\chamber2.plans.json
2015-02-03 20:36:03,555 [Client thread] INFO SGS Treasure! | Treasure.java:585 | Loading plans mods\sgs_treasure\plans\chambers\chamber3.plans.json
2015-02-03 20:36:03,644 [Client thread] INFO SGS Treasure! | Treasure.java:585 | Loading plans mods\sgs_treasure\plans\chambers\chamber4.plans.json
2015-02-03 20:36:03,680 [Client thread] INFO SGS Treasure! | Treasure.java:585 | Loading plans mods\sgs_treasure\plans\chambers\mines\medium-diamond-mine.plans.json
2015-02-03 20:36:03,714 [Client thread] INFO SGS Treasure! | Treasure.java:585 | Loading plans mods\sgs_treasure\plans\chambers\mines\medium-gold-mine.plans.json
2015-02-03 20:36:03,743 [Client thread] INFO SGS Treasure! | Treasure.java:585 | Loading plans mods\sgs_treasure\plans\chambers\mines\medium-iron-mine.plans.json
2015-02-03 20:36:03,768 [Client thread] INFO SGS Treasure! | Treasure.java:585 | Loading plans mods\sgs_treasure\plans\chambers\mines\small-diamond-mine.plans.json
2015-02-03 20:36:03,791 [Client thread] INFO SGS Treasure! | Treasure.java:585 | Loading plans mods\sgs_treasure\plans\chambers\mines\small-emerald-mine.plans.json
2015-02-03 20:36:03,814 [Client thread] INFO SGS Treasure! | Treasure.java:585 | Loading plans mods\sgs_treasure\plans\chambers\mines\small-gold-mine.plans.json
2015-02-03 20:36:03,836 [Client thread] INFO SGS Treasure! | Treasure.java:585 | Loading plans mods\sgs_treasure\plans\chambers\mines\small-iron-mine.plans.json
2015-02-03 20:36:03,888 [Client thread] INFO SGS Treasure! | Treasure.java:585 | Loading plans mods\sgs_treasure\plans\ships\shallow\contest-ship1.plans.json
2015-02-03 20:36:03,918 [Client thread] INFO SGS Treasure! | Treasure.java:585 | Loading plans mods\sgs_treasure\plans\ships\shallow\dingy.plans.json
2015-02-03 20:36:03,940 [Client thread] INFO SGS Treasure! | Treasure.java:585 | Loading plans mods\sgs_treasure\plans\ships\deep\contest-ship1.plans.json
2015-02-03 20:36:03,965 [Client thread] INFO SGS Treasure! | Treasure.java:585 | Loading plans mods\sgs_treasure\plans\ships\deep\contest-ship2.plans.json
2015-02-03 20:36:03,995 [Client thread] INFO SGS Treasure! | Treasure.java:585 | Loading plans mods\sgs_treasure\plans\ships\deep\ship1.plans.json
2015-02-03 20:36:04,034 [Client thread] INFO SGS Treasure! | Treasure.java:585 | Loading plans mods\sgs_treasure\plans\ships\deep\ship2.plans.json
2015-02-03 20:36:04,064 [Client thread] INFO SGS Treasure! | Treasure.java:585 | Loading plans mods\sgs_treasure\plans\wells\general\well1.plans.json
2015-02-03 20:36:04,083 [Client thread] INFO SGS Treasure! | Treasure.java:585 | Loading plans mods\sgs_treasure\plans\wells\general\well2.plans.json
2015-02-03 20:36:04,104 [Client thread] INFO SGS Treasure! | Treasure.java:585 | Loading plans mods\sgs_treasure\plans\wells\general\chest\well-chest1.plans.json
2015-02-03 20:36:04,128 [Client thread] INFO SGS Treasure! | Treasure.java:585 | Loading plans mods\sgs_treasure\plans\wells\forest\well-mycelium.plans.json
2015-02-03 20:36:04,145 [Client thread] INFO SGS Treasure! | Treasure.java:585 | Loading plans mods\sgs_treasure\plans\buildings\forest\birch-house.plans.json
2015-02-03 20:36:04,164 [Client thread] INFO SGS Treasure! | Treasure.java:585 | Loading plans mods\sgs_treasure\plans\buildings\forest\log-cabin.plans.json
2015-02-03 20:36:04,181 [Client thread] INFO SGS Treasure! | Treasure.java:585 | Loading plans mods\sgs_treasure\plans\buildings\forest\log-cabin2.plans.json
2015-02-03 20:36:04,197 [Client thread] INFO SGS Treasure! | Treasure.java:585 | Loading plans mods\sgs_treasure\plans\buildings\forest\townhouse1.plans.json
2015-02-03 20:38:39,602 [Client thread] INFO SGS Treasure! | Treasure.java:585 | Loading plans mods\sgs_treasure\plans\chambers\chamber1.plans.json
2015-02-03 20:38:39,745 [Client thread] INFO SGS Treasure! | Treasure.java:585 | Loading plans mods\sgs_treasure\plans\chambers\chamber2.plans.json
2015-02-03 20:38:39,772 [Client thread] INFO SGS Treasure! | Treasure.java:585 | Loading plans mods\sgs_treasure\plans\chambers\chamber3.plans.json
2015-02-03 20:38:39,791 [Client thread] INFO SGS Treasure! | Treasure.java:585 | Loading plans mods\sgs_treasure\plans\chambers\chamber4.plans.json
2015-02-03 20:38:39,809 [Client thread] INFO SGS Treasure! | Treasure.java:585 | Loading plans mods\sgs_treasure\plans\chambers\mines\medium-diamond-mine.plans.json
2015-02-03 20:38:39,827 [Client thread] INFO SGS Treasure! | Treasure.java:585 | Loading plans mods\sgs_treasure\plans\chambers\mines\medium-gold-mine.plans.json
2015-02-03 20:38:39,841 [Client thread] INFO SGS Treasure! | Treasure.java:585 | Loading plans mods\sgs_treasure\plans\chambers\mines\medium-iron-mine.plans.json
2015-02-03 20:38:39,855 [Client thread] INFO SGS Treasure! | Treasure.java:585 | Loading plans mods\sgs_treasure\plans\chambers\mines\small-diamond-mine.plans.json
2015-02-03 20:38:39,869 [Client thread] INFO SGS Treasure! | Treasure.java:585 | Loading plans mods\sgs_treasure\plans\chambers\mines\small-emerald-mine.plans.json
2015-02-03 20:38:39,882 [Client thread] INFO SGS Treasure! | Treasure.java:585 | Loading plans mods\sgs_treasure\plans\chambers\mines\small-gold-mine.plans.json
2015-02-03 20:38:39,898 [Client thread] INFO SGS Treasure! | Treasure.java:585 | Loading plans mods\sgs_treasure\plans\chambers\mines\small-iron-mine.plans.json
2015-02-03 20:38:39,910 [Client thread] INFO SGS Treasure! | Treasure.java:585 | Loading plans mods\sgs_treasure\plans\ships\shallow\contest-ship1.plans.json
2015-02-03 20:38:39,927 [Client thread] INFO SGS Treasure! | Treasure.java:585 | Loading plans mods\sgs_treasure\plans\ships\shallow\dingy.plans.json
2015-02-03 20:38:39,939 [Client thread] INFO SGS Treasure! | Treasure.java:585 | Loading plans mods\sgs_treasure\plans\ships\deep\contest-ship1.plans.json
2015-02-03 20:38:39,954 [Client thread] INFO SGS Treasure! | Treasure.java:585 | Loading plans mods\sgs_treasure\plans\ships\deep\contest-ship2.plans.json
2015-02-03 20:38:39,972 [Client thread] INFO SGS Treasure! | Treasure.java:585 | Loading plans mods\sgs_treasure\plans\ships\deep\ship1.plans.json
2015-02-03 20:38:39,991 [Client thread] INFO SGS Treasure! | Treasure.java:585 | Loading plans mods\sgs_treasure\plans\ships\deep\ship2.plans.json
2015-02-03 20:38:40,006 [Client thread] INFO SGS Treasure! | Treasure.java:585 | Loading plans mods\sgs_treasure\plans\wells\general\well1.plans.json
2015-02-03 20:38:40,024 [Client thread] INFO SGS Treasure! | Treasure.java:585 | Loading plans mods\sgs_treasure\plans\wells\general\well2.plans.json
2015-02-03 20:38:40,035 [Client thread] INFO SGS Treasure! | Treasure.java:585 | Loading plans mods\sgs_treasure\plans\wells\general\chest\well-chest1.plans.json
2015-02-03 20:38:40,046 [Client thread] INFO SGS Treasure! | Treasure.java:585 | Loading plans mods\sgs_treasure\plans\wells\forest\well-mycelium.plans.json
2015-02-03 20:38:40,056 [Client thread] INFO SGS Treasure! | Treasure.java:585 | Loading plans mods\sgs_treasure\plans\buildings\forest\birch-house.plans.json
2015-02-03 20:38:40,064 [Client thread] INFO SGS Treasure! | Treasure.java:585 | Loading plans mods\sgs_treasure\plans\buildings\forest\log-cabin.plans.json
2015-02-03 20:38:40,073 [Client thread] INFO SGS Treasure! | Treasure.java:585 | Loading plans mods\sgs_treasure\plans\buildings\forest\log-cabin2.plans.json
2015-02-03 20:38:40,082 [Client thread] INFO SGS Treasure! | Treasure.java:585 | Loading plans mods\sgs_treasure\plans\buildings\forest\townhouse1.plans.json
2015-02-03 20:41:18,575 [Client thread] INFO SGS Treasure! | Treasure.java:585 | Loading plans mods\sgs_treasure\plans\chambers\chamber1.plans.json
2015-02-03 20:41:18,712 [Client thread] INFO SGS Treasure! | Treasure.java:585 | Loading plans mods\sgs_treasure\plans\chambers\chamber2.plans.json
2015-02-03 20:41:18,774 [Client thread] INFO SGS Treasure! | Treasure.java:585 | Loading plans mods\sgs_treasure\plans\chambers\chamber3.plans.json
2015-02-03 20:41:18,801 [Client thread] INFO SGS Treasure! | Treasure.java:585 | Loading plans mods\sgs_treasure\plans\chambers\chamber4.plans.json
2015-02-03 20:41:18,819 [Client thread] INFO SGS Treasure! | Treasure.java:585 | Loading plans mods\sgs_treasure\plans\chambers\mines\medium-diamond-mine.plans.json
2015-02-03 20:41:18,838 [Client thread] INFO SGS Treasure! | Treasure.java:585 | Loading plans mods\sgs_treasure\plans\chambers\mines\medium-gold-mine.plans.json
2015-02-03 20:41:18,878 [Client thread] INFO SGS Treasure! | Treasure.java:585 | Loading plans mods\sgs_treasure\plans\chambers\mines\medium-iron-mine.plans.json
2015-02-03 20:41:18,952 [Client thread] INFO SGS Treasure! | Treasure.java:585 | Loading plans mods\sgs_treasure\plans\chambers\mines\small-diamond-mine.plans.json
2015-02-03 20:41:18,987 [Client thread] INFO SGS Treasure! | Treasure.java:585 | Loading plans mods\sgs_treasure\plans\chambers\mines\small-emerald-mine.plans.json
2015-02-03 20:41:19,012 [Client thread] INFO SGS Treasure! | Treasure.java:585 | Loading plans mods\sgs_treasure\plans\chambers\mines\small-gold-mine.plans.json
2015-02-03 20:41:19,024 [Client thread] INFO SGS Treasure! | Treasure.java:585 | Loading plans mods\sgs_treasure\plans\chambers\mines\small-iron-mine.plans.json
2015-02-03 20:41:19,035 [Client thread] INFO SGS Treasure! | Treasure.java:585 | Loading plans mods\sgs_treasure\plans\ships\shallow\contest-ship1.plans.json
2015-02-03 20:41:19,051 [Client thread] INFO SGS Treasure! | Treasure.java:585 | Loading plans mods\sgs_treasure\plans\ships\shallow\dingy.plans.json
2015-02-03 20:41:19,063 [Client thread] INFO SGS Treasure! | Treasure.java:585 | Loading plans mods\sgs_treasure\plans\ships\deep\contest-ship1.plans.json
2015-02-03 20:41:19,078 [Client thread] INFO SGS Treasure! | Treasure.java:585 | Loading plans mods\sgs_treasure\plans\ships\deep\contest-ship2.plans.json
2015-02-03 20:41:19,096 [Client thread] INFO SGS Treasure! | Treasure.java:585 | Loading plans mods\sgs_treasure\plans\ships\deep\ship1.plans.json
2015-02-03 20:41:19,115 [Client thread] INFO SGS Treasure! | Treasure.java:585 | Loading plans mods\sgs_treasure\plans\ships\deep\ship2.plans.json
2015-02-03 20:41:19,131 [Client thread] INFO SGS Treasure! | Treasure.java:585 | Loading plans mods\sgs_treasure\plans\wells\general\well1.plans.json
2015-02-03 20:41:19,141 [Client thread] INFO SGS Treasure! | Treasure.java:585 | Loading plans mods\sgs_treasure\plans\wells\general\well2.plans.json
2015-02-03 20:41:19,152 [Client thread] INFO SGS Treasure! | Treasure.java:585 | Loading plans mods\sgs_treasure\plans\wells\general\chest\well-chest1.plans.json
2015-02-03 20:41:19,204 [Client thread] INFO SGS Treasure! | Treasure.java:585 | Loading plans mods\sgs_treasure\plans\wells\forest\well-mycelium.plans.json
2015-02-03 20:41:19,215 [Client thread] INFO SGS Treasure! | Treasure.java:585 | Loading plans mods\sgs_treasure\plans\buildings\forest\birch-house.plans.json
2015-02-03 20:41:19,224 [Client thread] INFO SGS Treasure! | Treasure.java:585 | Loading plans mods\sgs_treasure\plans\buildings\forest\log-cabin.plans.json
2015-02-03 20:41:19,234 [Client thread] INFO SGS Treasure! | Treasure.java:585 | Loading plans mods\sgs_treasure\plans\buildings\forest\log-cabin2.plans.json
2015-02-03 20:41:19,248 [Client thread] INFO SGS Treasure! | Treasure.java:585 | Loading plans mods\sgs_treasure\plans\buildings\forest\townhouse1.plans.json
2015-02-03 20:41:22,871 [Client thread] INFO SGS Treasure! | Treasure.java:585 | Loading plans mods\sgs_treasure\plans\chambers\chamber1.plans.json
2015-02-03 20:41:23,106 [Client thread] INFO SGS Treasure! | Treasure.java:585 | Loading plans mods\sgs_treasure\plans\chambers\chamber2.plans.json
2015-02-03 20:41:23,167 [Client thread] INFO SGS Treasure! | Treasure.java:585 | Loading plans mods\sgs_treasure\plans\chambers\chamber3.plans.json
2015-02-03 20:41:23,219 [Client thread] INFO SGS Treasure! | Treasure.java:585 | Loading plans mods\sgs_treasure\plans\chambers\chamber4.plans.json
2015-02-03 20:41:23,273 [Client thread] INFO SGS Treasure! | Treasure.java:585 | Loading plans mods\sgs_treasure\plans\chambers\mines\medium-diamond-mine.plans.json
2015-02-03 20:41:23,326 [Client thread] INFO SGS Treasure! | Treasure.java:585 | Loading plans mods\sgs_treasure\plans\chambers\mines\medium-gold-mine.plans.json
2015-02-03 20:41:23,468 [Client thread] INFO SGS Treasure! | Treasure.java:585 | Loading plans mods\sgs_treasure\plans\chambers\mines\medium-iron-mine.plans.json
2015-02-03 20:41:23,481 [Client thread] INFO SGS Treasure! | Treasure.java:585 | Loading plans mods\sgs_treasure\plans\chambers\mines\small-diamond-mine.plans.json
2015-02-03 20:41:23,494 [Client thread] INFO SGS Treasure! | Treasure.java:585 | Loading plans mods\sgs_treasure\plans\chambers\mines\small-emerald-mine.plans.json
2015-02-03 20:41:23,506 [Client thread] INFO SGS Treasure! | Treasure.java:585 | Loading plans mods\sgs_treasure\plans\chambers\mines\small-gold-mine.plans.json
2015-02-03 20:41:23,517 [Client thread] INFO SGS Treasure! | Treasure.java:585 | Loading plans mods\sgs_treasure\plans\chambers\mines\small-iron-mine.plans.json
2015-02-03 20:41:23,528 [Client thread] INFO SGS Treasure! | Treasure.java:585 | Loading plans mods\sgs_treasure\plans\ships\shallow\contest-ship1.plans.json
2015-02-03 20:41:23,703 [Client thread] INFO SGS Treasure! | Treasure.java:585 | Loading plans mods\sgs_treasure\plans\ships\shallow\dingy.plans.json
2015-02-03 20:41:23,737 [Client thread] INFO SGS Treasure! | Treasure.java:585 | Loading plans mods\sgs_treasure\plans\ships\deep\contest-ship1.plans.json
2015-02-03 20:41:23,800 [Client thread] INFO SGS Treasure! | Treasure.java:585 | Loading plans mods\sgs_treasure\plans\ships\deep\contest-ship2.plans.json
2015-02-03 20:41:23,845 [Client thread] INFO SGS Treasure! | Treasure.java:585 | Loading plans mods\sgs_treasure\plans\ships\deep\ship1.plans.json
2015-02-03 20:41:23,886 [Client thread] INFO SGS Treasure! | Treasure.java:585 | Loading plans mods\sgs_treasure\plans\ships\deep\ship2.plans.json
2015-02-03 20:41:23,922 [Client thread] INFO SGS Treasure! | Treasure.java:585 | Loading plans mods\sgs_treasure\plans\wells\general\well1.plans.json
2015-02-03 20:41:23,934 [Client thread] INFO SGS Treasure! | Treasure.java:585 | Loading plans mods\sgs_treasure\plans\wells\general\well2.plans.json
2015-02-03 20:41:23,948 [Client thread] INFO SGS Treasure! | Treasure.java:585 | Loading plans mods\sgs_treasure\plans\wells\general\chest\well-chest1.plans.json
2015-02-03 20:41:23,963 [Client thread] INFO SGS Treasure! | Treasure.java:585 | Loading plans mods\sgs_treasure\plans\wells\forest\well-mycelium.plans.json
2015-02-03 20:41:23,978 [Client thread] INFO SGS Treasure! | Treasure.java:585 | Loading plans mods\sgs_treasure\plans\buildings\forest\birch-house.plans.json
2015-02-03 20:41:23,995 [Client thread] INFO SGS Treasure! | Treasure.java:585 | Loading plans mods\sgs_treasure\plans\buildings\forest\log-cabin.plans.json
2015-02-03 20:41:24,009 [Client thread] INFO SGS Treasure! | Treasure.java:585 | Loading plans mods\sgs_treasure\plans\buildings\forest\log-cabin2.plans.json
2015-02-03 20:41:24,044 [Client thread] INFO SGS Treasure! | Treasure.java:585 | Loading plans mods\sgs_treasure\plans\buildings\forest\townhouse1.plans.json
2015-02-03 20:44:51,011 [Client thread] INFO SGS Treasure! | Treasure.java:585 | Loading plans mods\sgs_treasure\plans\chambers\chamber1.plans.json
2015-02-03 20:44:51,138 [Client thread] INFO SGS Treasure! | Treasure.java:585 | Loading plans mods\sgs_treasure\plans\chambers\chamber2.plans.json
2015-02-03 20:44:51,168 [Client thread] INFO SGS Treasure! | Treasure.java:585 | Loading plans mods\sgs_treasure\plans\chambers\chamber3.plans.json
2015-02-03 20:44:51,189 [Client thread] INFO SGS Treasure! | Treasure.java:585 | Loading plans mods\sgs_treasure\plans\chambers\chamber4.plans.json
2015-02-03 20:44:51,208 [Client thread] INFO SGS Treasure! | Treasure.java:585 | Loading plans mods\sgs_treasure\plans\chambers\mines\medium-diamond-mine.plans.json
2015-02-03 20:44:51,228 [Client thread] INFO SGS Treasure! | Treasure.java:585 | Loading plans mods\sgs_treasure\plans\chambers\mines\medium-gold-mine.plans.json
2015-02-03 20:44:51,243 [Client thread] INFO SGS Treasure! | Treasure.java:585 | Loading plans mods\sgs_treasure\plans\chambers\mines\medium-iron-mine.plans.json
2015-02-03 20:44:51,256 [Client thread] INFO SGS Treasure! | Treasure.java:585 | Loading plans mods\sgs_treasure\plans\chambers\mines\small-diamond-mine.plans.json
2015-02-03 20:44:51,267 [Client thread] INFO SGS Treasure! | Treasure.java:585 | Loading plans mods\sgs_treasure\plans\chambers\mines\small-emerald-mine.plans.json
2015-02-03 20:44:51,278 [Client thread] INFO SGS Treasure! | Treasure.java:585 | Loading plans mods\sgs_treasure\plans\chambers\mines\small-gold-mine.plans.json
2015-02-03 20:44:51,290 [Client thread] INFO SGS Treasure! | Treasure.java:585 | Loading plans mods\sgs_treasure\plans\chambers\mines\small-iron-mine.plans.json
2015-02-03 20:44:51,310 [Client thread] INFO SGS Treasure! | Treasure.java:585 | Loading plans mods\sgs_treasure\plans\ships\shallow\contest-ship1.plans.json
2015-02-03 20:44:51,323 [Client thread] INFO SGS Treasure! | Treasure.java:585 | Loading plans mods\sgs_treasure\plans\ships\shallow\dingy.plans.json
2015-02-03 20:44:51,333 [Client thread] INFO SGS Treasure! | Treasure.java:585 | Loading plans mods\sgs_treasure\plans\ships\deep\contest-ship1.plans.json
2015-02-03 20:44:51,348 [Client thread] INFO SGS Treasure! | Treasure.java:585 | Loading plans mods\sgs_treasure\plans\ships\deep\contest-ship2.plans.json
2015-02-03 20:44:51,366 [Client thread] INFO SGS Treasure! | Treasure.java:585 | Loading plans mods\sgs_treasure\plans\ships\deep\ship1.plans.json
2015-02-03 20:44:51,383 [Client thread] INFO SGS Treasure! | Treasure.java:585 | Loading plans mods\sgs_treasure\plans\ships\deep\ship2.plans.json
2015-02-03 20:44:51,398 [Client thread] INFO SGS Treasure! | Treasure.java:585 | Loading plans mods\sgs_treasure\plans\wells\general\well1.plans.json
2015-02-03 20:44:51,408 [Client thread] INFO SGS Treasure! | Treasure.java:585 | Loading plans mods\sgs_treasure\plans\wells\general\well2.plans.json
2015-02-03 20:44:51,419 [Client thread] INFO SGS Treasure! | Treasure.java:585 | Loading plans mods\sgs_treasure\plans\wells\general\chest\well-chest1.plans.json
2015-02-03 20:44:51,428 [Client thread] INFO SGS Treasure! | Treasure.java:585 | Loading plans mods\sgs_treasure\plans\wells\forest\well-mycelium.plans.json
2015-02-03 20:44:51,435 [Client thread] INFO SGS Treasure! | Treasure.java:585 | Loading plans mods\sgs_treasure\plans\buildings\forest\birch-house.plans.json
2015-02-03 20:44:51,444 [Client thread] INFO SGS Treasure! | Treasure.java:585 | Loading plans mods\sgs_treasure\plans\buildings\forest\log-cabin.plans.json
2015-02-03 20:44:51,454 [Client thread] INFO SGS Treasure! | Treasure.java:585 | Loading plans mods\sgs_treasure\plans\buildings\forest\log-cabin2.plans.json
2015-02-03 20:44:51,464 [Client thread] INFO SGS Treasure! | Treasure.java:585 | Loading plans mods\sgs_treasure\plans\buildings\forest\townhouse1.plans.json
2015-02-03 20:47:21,410 [Client thread] INFO SGS Treasure! | Treasure.java:585 | Loading plans mods\sgs_treasure\plans\chambers\chamber1.plans.json
2015-02-03 20:47:24,966 [Client thread] INFO SGS Treasure! | Treasure.java:585 | Loading plans mods\sgs_treasure\plans\chambers\chamber2.plans.json
2015-02-03 20:47:27,325 [Client thread] INFO SGS Treasure! | Treasure.java:585 | Loading plans mods\sgs_treasure\plans\chambers\chamber3.plans.json
2015-02-03 20:47:28,356 [Client thread] INFO SGS Treasure! | Treasure.java:585 | Loading plans mods\sgs_treasure\plans\chambers\chamber4.plans.json
2015-02-03 20:47:28,540 [Client thread] INFO SGS Treasure! | Treasure.java:585 | Loading plans mods\sgs_treasure\plans\chambers\mines\medium-diamond-mine.plans.json
2015-02-03 20:47:28,648 [Client thread] INFO SGS Treasure! | Treasure.java:585 | Loading plans mods\sgs_treasure\plans\chambers\mines\medium-gold-mine.plans.json
2015-02-03 20:47:28,779 [Client thread] INFO SGS Treasure! | Treasure.java:585 | Loading plans mods\sgs_treasure\plans\chambers\mines\medium-iron-mine.plans.json
2015-02-03 20:47:28,851 [Client thread] INFO SGS Treasure! | Treasure.java:585 | Loading plans mods\sgs_treasure\plans\chambers\mines\small-diamond-mine.plans.json
2015-02-03 20:47:28,927 [Client thread] INFO SGS Treasure! | Treasure.java:585 | Loading plans mods\sgs_treasure\plans\chambers\mines\small-emerald-mine.plans.json
2015-02-03 20:47:28,981 [Client thread] INFO SGS Treasure! | Treasure.java:585 | Loading plans mods\sgs_treasure\plans\chambers\mines\small-gold-mine.plans.json
2015-02-03 20:47:29,085 [Client thread] INFO SGS Treasure! | Treasure.java:585 | Loading plans mods\sgs_treasure\plans\chambers\mines\small-iron-mine.plans.json
2015-02-03 20:47:29,170 [Client thread] INFO SGS Treasure! | Treasure.java:585 | Loading plans mods\sgs_treasure\plans\ships\shallow\contest-ship1.plans.json
2015-02-03 20:47:29,259 [Client thread] INFO SGS Treasure! | Treasure.java:585 | Loading plans mods\sgs_treasure\plans\ships\shallow\dingy.plans.json
2015-02-03 20:47:29,322 [Client thread] INFO SGS Treasure! | Treasure.java:585 | Loading plans mods\sgs_treasure\plans\ships\deep\contest-ship1.plans.json
2015-02-03 20:47:29,646 [Client thread] INFO SGS Treasure! | Treasure.java:585 | Loading plans mods\sgs_treasure\plans\ships\deep\contest-ship2.plans.json
2015-02-03 20:47:29,775 [Client thread] INFO SGS Treasure! | Treasure.java:585 | Loading plans mods\sgs_treasure\plans\ships\deep\ship1.plans.json
2015-02-03 20:47:29,876 [Client thread] INFO SGS Treasure! | Treasure.java:585 | Loading plans mods\sgs_treasure\plans\ships\deep\ship2.plans.json
2015-02-03 20:47:29,946 [Client thread] INFO SGS Treasure! | Treasure.java:585 | Loading plans mods\sgs_treasure\plans\wells\general\well1.plans.json
2015-02-03 20:47:30,003 [Client thread] INFO SGS Treasure! | Treasure.java:585 | Loading plans mods\sgs_treasure\plans\wells\general\well2.plans.json
2015-02-03 20:47:30,061 [Client thread] INFO SGS Treasure! | Treasure.java:585 | Loading plans mods\sgs_treasure\plans\wells\general\chest\well-chest1.plans.json
2015-02-03 20:47:30,126 [Client thread] INFO SGS Treasure! | Treasure.java:585 | Loading plans mods\sgs_treasure\plans\wells\forest\well-mycelium.plans.json
2015-02-03 20:47:30,199 [Client thread] INFO SGS Treasure! | Treasure.java:585 | Loading plans mods\sgs_treasure\plans\buildings\forest\birch-house.plans.json
2015-02-03 20:47:30,284 [Client thread] INFO SGS Treasure! | Treasure.java:585 | Loading plans mods\sgs_treasure\plans\buildings\forest\log-cabin.plans.json
2015-02-03 20:47:30,317 [Client thread] INFO SGS Treasure! | Treasure.java:585 | Loading plans mods\sgs_treasure\plans\buildings\forest\log-cabin2.plans.json
2015-02-03 20:47:30,419 [Client thread] INFO SGS Treasure! | Treasure.java:585 | Loading plans mods\sgs_treasure\plans\buildings\forest\townhouse1.plans.json
2015-02-03 20:54:20,459 [Client thread] INFO SGS Treasure! | Treasure.java:585 | Loading plans mods\sgs_treasure\plans\chambers\chamber1.plans.json
2015-02-03 20:54:20,641 [Client thread] INFO SGS Treasure! | Treasure.java:585 | Loading plans mods\sgs_treasure\plans\chambers\chamber2.plans.json
2015-02-03 20:54:20,704 [Client thread] INFO SGS Treasure! | Treasure.java:585 | Loading plans mods\sgs_treasure\plans\chambers\chamber3.plans.json
2015-02-03 20:54:20,743 [Client thread] INFO SGS Treasure! | Treasure.java:585 | Loading plans mods\sgs_treasure\plans\chambers\chamber4.plans.json
2015-02-03 20:54:20,780 [Client thread] INFO SGS Treasure! | Treasure.java:585 | Loading plans mods\sgs_treasure\plans\chambers\mines\medium-diamond-mine.plans.json
2015-02-03 20:54:20,830 [Client thread] INFO SGS Treasure! | Treasure.java:585 | Loading plans mods\sgs_treasure\plans\chambers\mines\medium-gold-mine.plans.json
2015-02-03 20:54:20,856 [Client thread] INFO SGS Treasure! | Treasure.java:585 | Loading plans mods\sgs_treasure\plans\chambers\mines\medium-iron-mine.plans.json
2015-02-03 20:54:20,877 [Client thread] INFO SGS Treasure! | Treasure.java:585 | Loading plans mods\sgs_treasure\plans\chambers\mines\small-diamond-mine.plans.json
2015-02-03 20:54:20,902 [Client thread] INFO SGS Treasure! | Treasure.java:585 | Loading plans mods\sgs_treasure\plans\chambers\mines\small-emerald-mine.plans.json
2015-02-03 20:54:20,929 [Client thread] INFO SGS Treasure! | Treasure.java:585 | Loading plans mods\sgs_treasure\plans\chambers\mines\small-gold-mine.plans.json
2015-02-03 20:54:20,973 [Client thread] INFO SGS Treasure! | Treasure.java:585 | Loading plans mods\sgs_treasure\plans\chambers\mines\small-iron-mine.plans.json
2015-02-03 20:54:20,999 [Client thread] INFO SGS Treasure! | Treasure.java:585 | Loading plans mods\sgs_treasure\plans\ships\shallow\contest-ship1.plans.json
2015-02-03 20:54:21,024 [Client thread] INFO SGS Treasure! | Treasure.java:585 | Loading plans mods\sgs_treasure\plans\ships\shallow\dingy.plans.json
2015-02-03 20:54:21,051 [Client thread] INFO SGS Treasure! | Treasure.java:585 | Loading plans mods\sgs_treasure\plans\ships\deep\contest-ship1.plans.json
2015-02-03 20:54:21,076 [Client thread] INFO SGS Treasure! | Treasure.java:585 | Loading plans mods\sgs_treasure\plans\ships\deep\contest-ship2.plans.json
2015-02-03 20:54:21,119 [Client thread] INFO SGS Treasure! | Treasure.java:585 | Loading plans mods\sgs_treasure\plans\ships\deep\ship1.plans.json
2015-02-03 20:54:21,150 [Client thread] INFO SGS Treasure! | Treasure.java:585 | Loading plans mods\sgs_treasure\plans\ships\deep\ship2.plans.json
2015-02-03 20:54:21,178 [Client thread] INFO SGS Treasure! | Treasure.java:585 | Loading plans mods\sgs_treasure\plans\wells\general\well1.plans.json
2015-02-03 20:54:21,200 [Client thread] INFO SGS Treasure! | Treasure.java:585 | Loading plans mods\sgs_treasure\plans\wells\general\well2.plans.json
2015-02-03 20:54:21,227 [Client thread] INFO SGS Treasure! | Treasure.java:585 | Loading plans mods\sgs_treasure\plans\wells\general\chest\well-chest1.plans.json
2015-02-03 20:54:21,243 [Client thread] INFO SGS Treasure! | Treasure.java:585 | Loading plans mods\sgs_treasure\plans\wells\forest\well-mycelium.plans.json
2015-02-03 20:54:21,259 [Client thread] INFO SGS Treasure! | Treasure.java:585 | Loading plans mods\sgs_treasure\plans\buildings\forest\birch-house.plans.json
2015-02-03 20:54:21,280 [Client thread] INFO SGS Treasure! | Treasure.java:585 | Loading plans mods\sgs_treasure\plans\buildings\forest\log-cabin.plans.json
2015-02-03 20:54:21,302 [Client thread] INFO SGS Treasure! | Treasure.java:585 | Loading plans mods\sgs_treasure\plans\buildings\forest\log-cabin2.plans.json
2015-02-03 20:54:21,322 [Client thread] INFO SGS Treasure! | Treasure.java:585 | Loading plans mods\sgs_treasure\plans\buildings\forest\townhouse1.plans.json
2015-02-03 20:58:03,947 [Client thread] INFO SGS Treasure! | Treasure.java:585 | Loading plans mods\sgs_treasure\plans\chambers\chamber1.plans.json
2015-02-03 20:58:04,060 [Client thread] INFO SGS Treasure! | Treasure.java:585 | Loading plans mods\sgs_treasure\plans\chambers\chamber2.plans.json
2015-02-03 20:58:04,083 [Client thread] INFO SGS Treasure! | Treasure.java:585 | Loading plans mods\sgs_treasure\plans\chambers\chamber3.plans.json
2015-02-03 20:58:04,099 [Client thread] INFO SGS Treasure! | Treasure.java:585 | Loading plans mods\sgs_treasure\plans\chambers\chamber4.plans.json
2015-02-03 20:58:04,116 [Client thread] INFO SGS Treasure! | Treasure.java:585 | Loading plans mods\sgs_treasure\plans\chambers\mines\medium-diamond-mine.plans.json
2015-02-03 20:58:04,132 [Client thread] INFO SGS Treasure! | Treasure.java:585 | Loading plans mods\sgs_treasure\plans\chambers\mines\medium-gold-mine.plans.json
2015-02-03 20:58:04,145 [Client thread] INFO SGS Treasure! | Treasure.java:585 | Loading plans mods\sgs_treasure\plans\chambers\mines\medium-iron-mine.plans.json
2015-02-03 20:58:04,157 [Client thread] INFO SGS Treasure! | Treasure.java:585 | Loading plans mods\sgs_treasure\plans\chambers\mines\small-diamond-mine.plans.json
2015-02-03 20:58:04,168 [Client thread] INFO SGS Treasure! | Treasure.java:585 | Loading plans mods\sgs_treasure\plans\chambers\mines\small-emerald-mine.plans.json
2015-02-03 20:58:04,179 [Client thread] INFO SGS Treasure! | Treasure.java:585 | Loading plans mods\sgs_treasure\plans\chambers\mines\small-gold-mine.plans.json
2015-02-03 20:58:04,190 [Client thread] INFO SGS Treasure! | Treasure.java:585 | Loading plans mods\sgs_treasure\plans\chambers\mines\small-iron-mine.plans.json
2015-02-03 20:58:04,202 [Client thread] INFO SGS Treasure! | Treasure.java:585 | Loading plans mods\sgs_treasure\plans\ships\shallow\contest-ship1.plans.json
2015-02-03 20:58:04,216 [Client thread] INFO SGS Treasure! | Treasure.java:585 | Loading plans mods\sgs_treasure\plans\ships\shallow\dingy.plans.json
2015-02-03 20:58:04,227 [Client thread] INFO SGS Treasure! | Treasure.java:585 | Loading plans mods\sgs_treasure\plans\ships\deep\contest-ship1.plans.json
2015-02-03 20:58:04,241 [Client thread] INFO SGS Treasure! | Treasure.java:585 | Loading plans mods\sgs_treasure\plans\ships\deep\contest-ship2.plans.json
2015-02-03 20:58:04,257 [Client thread] INFO SGS Treasure! | Treasure.java:585 | Loading plans mods\sgs_treasure\plans\ships\deep\ship1.plans.json
2015-02-03 20:58:04,273 [Client thread] INFO SGS Treasure! | Treasure.java:585 | Loading plans mods\sgs_treasure\plans\ships\deep\ship2.plans.json
2015-02-03 20:58:04,288 [Client thread] INFO SGS Treasure! | Treasure.java:585 | Loading plans mods\sgs_treasure\plans\wells\general\well1.plans.json
2015-02-03 20:58:04,298 [Client thread] INFO SGS Treasure! | Treasure.java:585 | Loading plans mods\sgs_treasure\plans\wells\general\well2.plans.json
2015-02-03 20:58:04,311 [Client thread] INFO SGS Treasure! | Treasure.java:585 | Loading plans mods\sgs_treasure\plans\wells\general\chest\well-chest1.plans.json
2015-02-03 20:58:04,320 [Client thread] INFO SGS Treasure! | Treasure.java:585 | Loading plans mods\sgs_treasure\plans\wells\forest\well-mycelium.plans.json
2015-02-03 20:58:04,329 [Client thread] INFO SGS Treasure! | Treasure.java:585 | Loading plans mods\sgs_treasure\plans\buildings\forest\birch-house.plans.json
2015-02-03 20:58:04,338 [Client thread] INFO SGS Treasure! | Treasure.java:585 | Loading plans mods\sgs_treasure\plans\buildings\forest\log-cabin.plans.json
2015-02-03 20:58:04,347 [Client thread] INFO SGS Treasure! | Treasure.java:585 | Loading plans mods\sgs_treasure\plans\buildings\forest\log-cabin2.plans.json
2015-02-03 20:58:04,357 [Client thread] INFO SGS Treasure! | Treasure.java:585 | Loading plans mods\sgs_treasure\plans\buildings\forest\townhouse1.plans.json
2015-02-03 21:37:04,166 [Client thread] INFO SGS Treasure! | Treasure.java:585 | Loading plans mods\sgs_treasure\plans\chambers\chamber1.plans.json
2015-02-03 21:37:04,601 [Client thread] INFO SGS Treasure! | Treasure.java:585 | Loading plans mods\sgs_treasure\plans\chambers\chamber2.plans.json
2015-02-03 21:37:04,766 [Client thread] INFO SGS Treasure! | Treasure.java:585 | Loading plans mods\sgs_treasure\plans\chambers\chamber3.plans.json
2015-02-03 21:37:04,823 [Client thread] INFO SGS Treasure! | Treasure.java:585 | Loading plans mods\sgs_treasure\plans\chambers\chamber4.plans.json
2015-02-03 21:37:04,881 [Client thread] INFO SGS Treasure! | Treasure.java:585 | Loading plans mods\sgs_treasure\plans\chambers\mines\medium-diamond-mine.plans.json
2015-02-03 21:37:04,933 [Client thread] INFO SGS Treasure! | Treasure.java:585 | Loading plans mods\sgs_treasure\plans\chambers\mines\medium-gold-mine.plans.json
2015-02-03 21:37:04,962 [Client thread] INFO SGS Treasure! | Treasure.java:585 | Loading plans mods\sgs_treasure\plans\chambers\mines\medium-iron-mine.plans.json
2015-02-03 21:37:05,000 [Client thread] INFO SGS Treasure! | Treasure.java:585 | Loading plans mods\sgs_treasure\plans\chambers\mines\small-diamond-mine.plans.json
2015-02-03 21:37:05,045 [Client thread] INFO SGS Treasure! | Treasure.java:585 | Loading plans mods\sgs_treasure\plans\chambers\mines\small-emerald-mine.plans.json
2015-02-03 21:37:05,084 [Client thread] INFO SGS Treasure! | Treasure.java:585 | Loading plans mods\sgs_treasure\plans\chambers\mines\small-gold-mine.plans.json
2015-02-03 21:37:05,119 [Client thread] INFO SGS Treasure! | Treasure.java:585 | Loading plans mods\sgs_treasure\plans\chambers\mines\small-iron-mine.plans.json
2015-02-03 21:37:05,159 [Client thread] INFO SGS Treasure! | Treasure.java:585 | Loading plans mods\sgs_treasure\plans\ships\shallow\contest-ship1.plans.json
2015-02-03 21:37:05,210 [Client thread] INFO SGS Treasure! | Treasure.java:585 | Loading plans mods\sgs_treasure\plans\ships\shallow\dingy.plans.json
2015-02-03 21:37:05,250 [Client thread] INFO SGS Treasure! | Treasure.java:585 | Loading plans mods\sgs_treasure\plans\ships\deep\contest-ship1.plans.json
2015-02-03 21:37:05,299 [Client thread] INFO SGS Treasure! | Treasure.java:585 | Loading plans mods\sgs_treasure\plans\ships\deep\contest-ship2.plans.json
2015-02-03 21:37:05,351 [Client thread] INFO SGS Treasure! | Treasure.java:585 | Loading plans mods\sgs_treasure\plans\ships\deep\ship1.plans.json
2015-02-03 21:37:05,410 [Client thread] INFO SGS Treasure! | Treasure.java:585 | Loading plans mods\sgs_treasure\plans\ships\deep\ship2.plans.json
2015-02-03 21:37:05,457 [Client thread] INFO SGS Treasure! | Treasure.java:585 | Loading plans mods\sgs_treasure\plans\wells\general\well1.plans.json
2015-02-03 21:37:05,494 [Client thread] INFO SGS Treasure! | Treasure.java:585 | Loading plans mods\sgs_treasure\plans\wells\general\well2.plans.json
2015-02-03 21:37:05,531 [Client thread] INFO SGS Treasure! | Treasure.java:585 | Loading plans mods\sgs_treasure\plans\wells\general\chest\well-chest1.plans.json
2015-02-03 21:37:05,554 [Client thread] INFO SGS Treasure! | Treasure.java:585 | Loading plans mods\sgs_treasure\plans\wells\forest\well-mycelium.plans.json
2015-02-03 21:37:05,586 [Client thread] INFO SGS Treasure! | Treasure.java:585 | Loading plans mods\sgs_treasure\plans\buildings\forest\birch-house.plans.json
2015-02-03 21:37:05,630 [Client thread] INFO SGS Treasure! | Treasure.java:585 | Loading plans mods\sgs_treasure\plans\buildings\forest\log-cabin.plans.json
2015-02-03 21:37:05,659 [Client thread] INFO SGS Treasure! | Treasure.java:585 | Loading plans mods\sgs_treasure\plans\buildings\forest\log-cabin2.plans.json
2015-02-03 21:37:05,688 [Client thread] INFO SGS Treasure! | Treasure.java:585 | Loading plans mods\sgs_treasure\plans\buildings\forest\townhouse1.plans.json
2015-02-03 21:44:08,762 [Client thread] INFO SGS Treasure! | Treasure.java:585 | Loading plans mods\sgs_treasure\plans\chambers\chamber1.plans.json
2015-02-03 21:44:08,871 [Client thread] INFO SGS Treasure! | Treasure.java:585 | Loading plans mods\sgs_treasure\plans\chambers\chamber2.plans.json
2015-02-03 21:44:08,894 [Client thread] INFO SGS Treasure! | Treasure.java:585 | Loading plans mods\sgs_treasure\plans\chambers\chamber3.plans.json
2015-02-03 21:44:08,915 [Client thread] INFO SGS Treasure! | Treasure.java:585 | Loading plans mods\sgs_treasure\plans\chambers\chamber4.plans.json
2015-02-03 21:44:08,936 [Client thread] INFO SGS Treasure! | Treasure.java:585 | Loading plans mods\sgs_treasure\plans\chambers\mines\medium-diamond-mine.plans.json
2015-02-03 21:44:08,962 [Client thread] INFO SGS Treasure! | Treasure.java:585 | Loading plans mods\sgs_treasure\plans\chambers\mines\medium-gold-mine.plans.json
2015-02-03 21:44:08,974 [Client thread] INFO SGS Treasure! | Treasure.java:585 | Loading plans mods\sgs_treasure\plans\chambers\mines\medium-iron-mine.plans.json
2015-02-03 21:44:08,987 [Client thread] INFO SGS Treasure! | Treasure.java:585 | Loading plans mods\sgs_treasure\plans\chambers\mines\small-diamond-mine.plans.json
2015-02-03 21:44:09,003 [Client thread] INFO SGS Treasure! | Treasure.java:585 | Loading plans mods\sgs_treasure\plans\chambers\mines\small-emerald-mine.plans.json
2015-02-03 21:44:09,037 [Client thread] INFO SGS Treasure! | Treasure.java:585 | Loading plans mods\sgs_treasure\plans\chambers\mines\small-gold-mine.plans.json
2015-02-03 21:44:09,048 [Client thread] INFO SGS Treasure! | Treasure.java:585 | Loading plans mods\sgs_treasure\plans\chambers\mines\small-iron-mine.plans.json
2015-02-03 21:44:09,059 [Client thread] INFO SGS Treasure! | Treasure.java:585 | Loading plans mods\sgs_treasure\plans\ships\shallow\contest-ship1.plans.json
2015-02-03 21:44:09,074 [Client thread] INFO SGS Treasure! | Treasure.java:585 | Loading plans mods\sgs_treasure\plans\ships\shallow\dingy.plans.json
2015-02-03 21:44:09,084 [Client thread] INFO SGS Treasure! | Treasure.java:585 | Loading plans mods\sgs_treasure\plans\ships\deep\contest-ship1.plans.json
2015-02-03 21:44:09,100 [Client thread] INFO SGS Treasure! | Treasure.java:585 | Loading plans mods\sgs_treasure\plans\ships\deep\contest-ship2.plans.json
2015-02-03 21:44:09,121 [Client thread] INFO SGS Treasure! | Treasure.java:585 | Loading plans mods\sgs_treasure\plans\ships\deep\ship1.plans.json
2015-02-03 21:44:09,136 [Client thread] INFO SGS Treasure! | Treasure.java:585 | Loading plans mods\sgs_treasure\plans\ships\deep\ship2.plans.json
2015-02-03 21:44:09,150 [Client thread] INFO SGS Treasure! | Treasure.java:585 | Loading plans mods\sgs_treasure\plans\wells\general\well1.plans.json
2015-02-03 21:44:09,159 [Client thread] INFO SGS Treasure! | Treasure.java:585 | Loading plans mods\sgs_treasure\plans\wells\general\well2.plans.json
2015-02-03 21:44:09,169 [Client thread] INFO SGS Treasure! | Treasure.java:585 | Loading plans mods\sgs_treasure\plans\wells\general\chest\well-chest1.plans.json
2015-02-03 21:44:09,177 [Client thread] INFO SGS Treasure! | Treasure.java:585 | Loading plans mods\sgs_treasure\plans\wells\forest\well-mycelium.plans.json
2015-02-03 21:44:09,187 [Client thread] INFO SGS Treasure! | Treasure.java:585 | Loading plans mods\sgs_treasure\plans\buildings\forest\birch-house.plans.json
2015-02-03 21:44:09,195 [Client thread] INFO SGS Treasure! | Treasure.java:585 | Loading plans mods\sgs_treasure\plans\buildings\forest\log-cabin.plans.json
2015-02-03 21:44:09,204 [Client thread] INFO SGS Treasure! | Treasure.java:585 | Loading plans mods\sgs_treasure\plans\buildings\forest\log-cabin2.plans.json
2015-02-03 21:44:09,212 [Client thread] INFO SGS Treasure! | Treasure.java:585 | Loading plans mods\sgs_treasure\plans\buildings\forest\townhouse1.plans.json
2015-02-03 21:45:24,418 [Server thread] INFO SGS Treasure! | WoodenChestGenerator.java:184 | CHEATER! Wooden Chest at coords: -194 30 147
2015-02-03 21:45:32,374 [Server thread] INFO SGS Treasure! | WoodenChestGenerator.java:184 | CHEATER! Wooden Chest at coords: -279 31 482
2015-02-03 21:45:33,729 [Server thread] INFO SGS Treasure! | WoodenChestGenerator.java:184 | CHEATER! Wooden Chest at coords: -177 38 421
2015-02-03 21:45:34,728 [Server thread] INFO SGS Treasure! | WoodenChestGenerator.java:184 | CHEATER! Wooden Chest at coords: -96 33 337
2015-02-03 21:45:35,160 [Server thread] INFO SGS Treasure! | IronChestGenerator.java:272 | CHEATER! Iron chest at coords: -63 52 309
2015-02-03 21:45:35,566 [Server thread] INFO SGS Treasure! | WoodenChestGenerator.java:184 | CHEATER! Wooden Chest at coords: -44 35 501
2015-02-03 21:45:36,858 [Server thread] INFO SGS Treasure! | LockedWoodenChestGenerator.java:189 | CHEATER! Locked Wooden Chest at coords: -10 37 485
2015-02-03 21:47:44,284 [Server thread] INFO SGS Treasure! | LockedWoodenChestGenerator.java:189 | CHEATER! Locked Wooden Chest at coords: -212 30 -267
2015-02-03 21:47:45,520 [Server thread] INFO SGS Treasure! | PirateChestGenerator.java:259 | CHEATER! Pirate Chest at coords: -153 42 -52
2015-02-03 21:47:46,538 [Server thread] INFO SGS Treasure! | WoodenChestGenerator.java:184 | CHEATER! Wooden Chest at coords: -107 57 -201
2015-02-03 21:47:47,597 [Server thread] INFO SGS Treasure! | LockedWoodenChestGenerator.java:189 | CHEATER! Locked Wooden Chest at coords: -83 75 -325
2015-02-03 21:47:48,917 [Server thread] INFO SGS Treasure! | IronChestGenerator.java:272 | CHEATER! Iron chest at coords: -67 51 -35
2015-02-03 21:47:50,932 [Server thread] INFO SGS Treasure! | WoodenChestGenerator.java:184 | CHEATER! Wooden Chest at coords: -15 44 -395
2015-02-03 21:47:52,084 [Server thread] INFO SGS Treasure! | ForestBuildingChestGenerator.java:202 | CHEATER! Forest Buliding Chest generated at coords: 4 70 -134
2015-02-03 21:47:52,085 [Server thread] INFO SGS Treasure! | ForestBuildingChestGenerator.java:207 | CHEATER! Forest Buliding generated at coords: 1 65 -136
2015-02-03 21:47:53,983 [Server thread] INFO SGS Treasure! | WoodenChestGenerator.java:184 | CHEATER! Wooden Chest at coords: 29 34 -38
2015-02-03 21:47:55,263 [Server thread] INFO SGS Treasure! | IronChestGenerator.java:272 | CHEATER! Iron chest at coords: 58 38 -377
2015-02-03 21:47:57,995 [Server thread] INFO SGS Treasure! | LockedWoodenChestGenerator.java:189 | CHEATER! Locked Wooden Chest at coords: 100 33 -153
2015-02-03 21:48:02,986 [Server thread] INFO SGS Treasure! | WoodenChestGenerator.java:184 | CHEATER! Wooden Chest at coords: 140 68 -162
2015-02-03 21:48:05,144 [Server thread] INFO SGS Treasure! | PirateChestGenerator.java:259 | CHEATER! Pirate Chest at coords: 172 68 -264
2015-02-03 21:48:07,104 [Server thread] INFO SGS Treasure! | WoodenChestGenerator.java:184 | CHEATER! Wooden Chest at coords: 188 64 -64
2015-02-03 21:49:04,792 [Server thread] INFO SGS Treasure! | LockedWoodenChestGenerator.java:189 | CHEATER! Locked Wooden Chest at coords: -9 61 -20
2015-02-03 21:49:04,797 [Server thread] INFO SGS Treasure! | MyceliumWishingWellGenerator.java:54 | CHEATER! Wishing Well at coords: -9 68 -20
2015-02-03 21:49:05,591 [Server thread] INFO SGS Treasure! | WitherTreeGenerator.java:248 | CHEATER! Generated Wither Tree at coords 163 68 -18
2015-02-03 21:54:37,872 [Server thread] INFO SGS Treasure! | WoodenChestGenerator.java:184 | CHEATER! Wooden Chest at coords: -121 81 -470
2015-02-03 21:56:09,132 [Server thread] INFO SGS Treasure! | LockedWoodenChestGenerator.java:189 | CHEATER! Locked Wooden Chest at coords: 87 23 -503
2015-02-03 21:56:35,875 [Server thread] INFO SGS Treasure! | IronChestGenerator.java:272 | CHEATER! Iron chest at coords: 121 29 -478
2015-02-03 22:00:09,733 [Client thread] INFO SGS Treasure! | Treasure.java:585 | Loading plans mods\sgs_treasure\plans\chambers\chamber1.plans.json
2015-02-03 22:00:09,827 [Client thread] INFO SGS Treasure! | Treasure.java:585 | Loading plans mods\sgs_treasure\plans\chambers\chamber2.plans.json
2015-02-03 22:00:09,854 [Client thread] INFO SGS Treasure! | Treasure.java:585 | Loading plans mods\sgs_treasure\plans\chambers\chamber3.plans.json
2015-02-03 22:00:09,882 [Client thread] INFO SGS Treasure! | Treasure.java:585 | Loading plans mods\sgs_treasure\plans\chambers\chamber4.plans.json
2015-02-03 22:00:09,918 [Client thread] INFO SGS Treasure! | Treasure.java:585 | Loading plans mods\sgs_treasure\plans\chambers\mines\medium-diamond-mine.plans.json
2015-02-03 22:00:09,947 [Client thread] INFO SGS Treasure! | Treasure.java:585 | Loading plans mods\sgs_treasure\plans\chambers\mines\medium-gold-mine.plans.json
2015-02-03 22:00:09,963 [Client thread] INFO SGS Treasure! | Treasure.java:585 | Loading plans mods\sgs_treasure\plans\chambers\mines\medium-iron-mine.plans.json
2015-02-03 22:00:09,975 [Client thread] INFO SGS Treasure! | Treasure.java:585 | Loading plans mods\sgs_treasure\plans\chambers\mines\small-diamond-mine.plans.json
2015-02-03 22:00:09,991 [Client thread] INFO SGS Treasure! | Treasure.java:585 | Loading plans mods\sgs_treasure\plans\chambers\mines\small-emerald-mine.plans.json
2015-02-03 22:00:10,007 [Client thread] INFO SGS Treasure! | Treasure.java:585 | Loading plans mods\sgs_treasure\plans\chambers\mines\small-gold-mine.plans.json
2015-02-03 22:00:10,020 [Client thread] INFO SGS Treasure! | Treasure.java:585 | Loading plans mods\sgs_treasure\plans\chambers\mines\small-iron-mine.plans.json
2015-02-03 22:00:10,038 [Client thread] INFO SGS Treasure! | Treasure.java:585 | Loading plans mods\sgs_treasure\plans\ships\shallow\contest-ship1.plans.json
2015-02-03 22:00:10,055 [Client thread] INFO SGS Treasure! | Treasure.java:585 | Loading plans mods\sgs_treasure\plans\ships\shallow\dingy.plans.json
2015-02-03 22:00:10,066 [Client thread] INFO SGS Treasure! | Treasure.java:585 | Loading plans mods\sgs_treasure\plans\ships\deep\contest-ship1.plans.json
2015-02-03 22:00:10,081 [Client thread] INFO SGS Treasure! | Treasure.java:585 | Loading plans mods\sgs_treasure\plans\ships\deep\contest-ship2.plans.json
2015-02-03 22:00:10,098 [Client thread] INFO SGS Treasure! | Treasure.java:585 | Loading plans mods\sgs_treasure\plans\ships\deep\ship1.plans.json
2015-02-03 22:00:10,128 [Client thread] INFO SGS Treasure! | Treasure.java:585 | Loading plans mods\sgs_treasure\plans\ships\deep\ship2.plans.json
2015-02-03 22:00:10,153 [Client thread] INFO SGS Treasure! | Treasure.java:585 | Loading plans mods\sgs_treasure\plans\wells\general\well1.plans.json
2015-02-03 22:00:10,165 [Client thread] INFO SGS Treasure! | Treasure.java:585 | Loading plans mods\sgs_treasure\plans\wells\general\well2.plans.json
2015-02-03 22:00:10,178 [Client thread] INFO SGS Treasure! | Treasure.java:585 | Loading plans mods\sgs_treasure\plans\wells\general\chest\well-chest1.plans.json
2015-02-03 22:00:10,187 [Client thread] INFO SGS Treasure! | Treasure.java:585 | Loading plans mods\sgs_treasure\plans\wells\forest\well-mycelium.plans.json
2015-02-03 22:00:10,195 [Client thread] INFO SGS Treasure! | Treasure.java:585 | Loading plans mods\sgs_treasure\plans\buildings\forest\birch-house.plans.json
2015-02-03 22:00:10,204 [Client thread] INFO SGS Treasure! | Treasure.java:585 | Loading plans mods\sgs_treasure\plans\buildings\forest\log-cabin.plans.json
2015-02-03 22:00:10,212 [Client thread] INFO SGS Treasure! | Treasure.java:585 | Loading plans mods\sgs_treasure\plans\buildings\forest\log-cabin2.plans.json
2015-02-03 22:00:10,220 [Client thread] INFO SGS Treasure! | Treasure.java:585 | Loading plans mods\sgs_treasure\plans\buildings\forest\townhouse1.plans.json
2015-02-03 22:09:45,429 [Client thread] INFO SGS Treasure! | Treasure.java:585 | Loading plans mods\sgs_treasure\plans\chambers\chamber1.plans.json
2015-02-03 22:09:45,513 [Client thread] INFO SGS Treasure! | Treasure.java:585 | Loading plans mods\sgs_treasure\plans\chambers\chamber2.plans.json
2015-02-03 22:09:45,535 [Client thread] INFO SGS Treasure! | Treasure.java:585 | Loading plans mods\sgs_treasure\plans\chambers\chamber3.plans.json
2015-02-03 22:09:45,552 [Client thread] INFO SGS Treasure! | Treasure.java:585 | Loading plans mods\sgs_treasure\plans\chambers\chamber4.plans.json
2015-02-03 22:09:45,576 [Client thread] INFO SGS Treasure! | Treasure.java:585 | Loading plans mods\sgs_treasure\plans\chambers\mines\medium-diamond-mine.plans.json
2015-02-03 22:09:45,615 [Client thread] INFO SGS Treasure! | Treasure.java:585 | Loading plans mods\sgs_treasure\plans\chambers\mines\medium-gold-mine.plans.json
2015-02-03 22:09:45,645 [Client thread] INFO SGS Treasure! | Treasure.java:585 | Loading plans mods\sgs_treasure\plans\chambers\mines\medium-iron-mine.plans.json
2015-02-03 22:09:45,655 [Client thread] INFO SGS Treasure! | Treasure.java:585 | Loading plans mods\sgs_treasure\plans\chambers\mines\small-diamond-mine.plans.json
2015-02-03 22:09:45,666 [Client thread] INFO SGS Treasure! | Treasure.java:585 | Loading plans mods\sgs_treasure\plans\chambers\mines\small-emerald-mine.plans.json
2015-02-03 22:09:45,677 [Client thread] INFO SGS Treasure! | Treasure.java:585 | Loading plans mods\sgs_treasure\plans\chambers\mines\small-gold-mine.plans.json
2015-02-03 22:09:45,688 [Client thread] INFO SGS Treasure! | Treasure.java:585 | Loading plans mods\sgs_treasure\plans\chambers\mines\small-iron-mine.plans.json
2015-02-03 22:09:45,702 [Client thread] INFO SGS Treasure! | Treasure.java:585 | Loading plans mods\sgs_treasure\plans\ships\shallow\contest-ship1.plans.json
2015-02-03 22:09:45,717 [Client thread] INFO SGS Treasure! | Treasure.java:585 | Loading plans mods\sgs_treasure\plans\ships\shallow\dingy.plans.json
2015-02-03 22:09:45,727 [Client thread] INFO SGS Treasure! | Treasure.java:585 | Loading plans mods\sgs_treasure\plans\ships\deep\contest-ship1.plans.json
2015-02-03 22:09:45,740 [Client thread] INFO SGS Treasure! | Treasure.java:585 | Loading plans mods\sgs_treasure\plans\ships\deep\contest-ship2.plans.json
2015-02-03 22:09:45,754 [Client thread] INFO SGS Treasure! | Treasure.java:585 | Loading plans mods\sgs_treasure\plans\ships\deep\ship1.plans.json
2015-02-03 22:09:45,770 [Client thread] INFO SGS Treasure! | Treasure.java:585 | Loading plans mods\sgs_treasure\plans\ships\deep\ship2.plans.json
2015-02-03 22:09:45,784 [Client thread] INFO SGS Treasure! | Treasure.java:585 | Loading plans mods\sgs_treasure\plans\wells\general\well1.plans.json
2015-02-03 22:09:45,792 [Client thread] INFO SGS Treasure! | Treasure.java:585 | Loading plans mods\sgs_treasure\plans\wells\general\well2.plans.json
2015-02-03 22:09:45,803 [Client thread] INFO SGS Treasure! | Treasure.java:585 | Loading plans mods\sgs_treasure\plans\wells\general\chest\well-chest1.plans.json
2015-02-03 22:09:45,813 [Client thread] INFO SGS Treasure! | Treasure.java:585 | Loading plans mods\sgs_treasure\plans\wells\forest\well-mycelium.plans.json
2015-02-03 22:09:45,821 [Client thread] INFO SGS Treasure! | Treasure.java:585 | Loading plans mods\sgs_treasure\plans\buildings\forest\birch-house.plans.json
2015-02-03 22:09:45,829 [Client thread] INFO SGS Treasure! | Treasure.java:585 | Loading plans mods\sgs_treasure\plans\buildings\forest\log-cabin.plans.json
2015-02-03 22:09:45,837 [Client thread] INFO SGS Treasure! | Treasure.java:585 | Loading plans mods\sgs_treasure\plans\buildings\forest\log-cabin2.plans.json
2015-02-03 22:09:45,845 [Client thread] INFO SGS Treasure! | Treasure.java:585 | Loading plans mods\sgs_treasure\plans\buildings\forest\townhouse1.plans.json
2015-02-03 22:17:44,141 [Server thread] INFO SGS Treasure! | LockedWoodenChestGenerator.java:189 | CHEATER! Locked Wooden Chest at coords: 62 49 -555
2015-02-03 22:42:54,703 [Client thread] INFO SGS Treasure! | Treasure.java:585 | Loading plans mods\sgs_treasure\plans\chambers\chamber1.plans.json
2015-02-03 22:42:54,819 [Client thread] INFO SGS Treasure! | Treasure.java:585 | Loading plans mods\sgs_treasure\plans\chambers\chamber2.plans.json
2015-02-03 22:42:54,892 [Client thread] INFO SGS Treasure! | Treasure.java:585 | Loading plans mods\sgs_treasure\plans\chambers\chamber3.plans.json
2015-02-03 22:42:54,922 [Client thread] INFO SGS Treasure! | Treasure.java:585 | Loading plans mods\sgs_treasure\plans\chambers\chamber4.plans.json
2015-02-03 22:42:54,947 [Client thread] INFO SGS Treasure! | Treasure.java:585 | Loading plans mods\sgs_treasure\plans\chambers\mines\medium-diamond-mine.plans.json
2015-02-03 22:42:54,979 [Client thread] INFO SGS Treasure! | Treasure.java:585 | Loading plans mods\sgs_treasure\plans\chambers\mines\medium-gold-mine.plans.json
2015-02-03 22:42:54,997 [Client thread] INFO SGS Treasure! | Treasure.java:585 | Loading plans mods\sgs_treasure\plans\chambers\mines\medium-iron-mine.plans.json
2015-02-03 22:42:55,018 [Client thread] INFO SGS Treasure! | Treasure.java:585 | Loading plans mods\sgs_treasure\plans\chambers\mines\small-diamond-mine.plans.json
2015-02-03 22:42:55,047 [Client thread] INFO SGS Treasure! | Treasure.java:585 | Loading plans mods\sgs_treasure\plans\chambers\mines\small-emerald-mine.plans.json
2015-02-03 22:42:55,070 [Client thread] INFO SGS Treasure! | Treasure.java:585 | Loading plans mods\sgs_treasure\plans\chambers\mines\small-gold-mine.plans.json
2015-02-03 22:42:55,093 [Client thread] INFO SGS Treasure! | Treasure.java:585 | Loading plans mods\sgs_treasure\plans\chambers\mines\small-iron-mine.plans.json
2015-02-03 22:42:55,112 [Client thread] INFO SGS Treasure! | Treasure.java:585 | Loading plans mods\sgs_treasure\plans\ships\shallow\contest-ship1.plans.json
2015-02-03 22:42:55,141 [Client thread] INFO SGS Treasure! | Treasure.java:585 | Loading plans mods\sgs_treasure\plans\ships\shallow\dingy.plans.json
2015-02-03 22:42:55,171 [Client thread] INFO SGS Treasure! | Treasure.java:585 | Loading plans mods\sgs_treasure\plans\ships\deep\contest-ship1.plans.json
2015-02-03 22:42:55,200 [Client thread] INFO SGS Treasure! | Treasure.java:585 | Loading plans mods\sgs_treasure\plans\ships\deep\contest-ship2.plans.json
2015-02-03 22:42:55,222 [Client thread] INFO SGS Treasure! | Treasure.java:585 | Loading plans mods\sgs_treasure\plans\ships\deep\ship1.plans.json
2015-02-03 22:42:55,258 [Client thread] INFO SGS Treasure! | Treasure.java:585 | Loading plans mods\sgs_treasure\plans\ships\deep\ship2.plans.json
2015-02-03 22:42:55,286 [Client thread] INFO SGS Treasure! | Treasure.java:585 | Loading plans mods\sgs_treasure\plans\wells\general\well1.plans.json
2015-02-03 22:42:55,308 [Client thread] INFO SGS Treasure! | Treasure.java:585 | Loading plans mods\sgs_treasure\plans\wells\general\well2.plans.json
2015-02-03 22:42:55,333 [Client thread] INFO SGS Treasure! | Treasure.java:585 | Loading plans mods\sgs_treasure\plans\wells\general\chest\well-chest1.plans.json
2015-02-03 22:42:55,349 [Client thread] INFO SGS Treasure! | Treasure.java:585 | Loading plans mods\sgs_treasure\plans\wells\forest\well-mycelium.plans.json
2015-02-03 22:42:55,366 [Client thread] INFO SGS Treasure! | Treasure.java:585 | Loading plans mods\sgs_treasure\plans\buildings\forest\birch-house.plans.json
2015-02-03 22:42:55,387 [Client thread] INFO SGS Treasure! | Treasure.java:585 | Loading plans mods\sgs_treasure\plans\buildings\forest\log-cabin.plans.json
2015-02-03 22:42:55,409 [Client thread] INFO SGS Treasure! | Treasure.java:585 | Loading plans mods\sgs_treasure\plans\buildings\forest\log-cabin2.plans.json
2015-02-03 22:42:55,429 [Client thread] INFO SGS Treasure! | Treasure.java:585 | Loading plans mods\sgs_treasure\plans\buildings\forest\townhouse1.plans.json
2015-02-03 22:54:53,069 [Client thread] INFO SGS Treasure! | Treasure.java:585 | Loading plans mods\sgs_treasure\plans\chambers\chamber1.plans.json
2015-02-03 22:54:53,192 [Client thread] INFO SGS Treasure! | Treasure.java:585 | Loading plans mods\sgs_treasure\plans\chambers\chamber2.plans.json
2015-02-03 22:54:53,224 [Client thread] INFO SGS Treasure! | Treasure.java:585 | Loading plans mods\sgs_treasure\plans\chambers\chamber3.plans.json
2015-02-03 22:54:53,236 [Client thread] INFO SGS Treasure! | Treasure.java:585 | Loading plans mods\sgs_treasure\plans\chambers\chamber4.plans.json
2015-02-03 22:54:53,259 [Client thread] INFO SGS Treasure! | Treasure.java:585 | Loading plans mods\sgs_treasure\plans\chambers\mines\medium-diamond-mine.plans.json
2015-02-03 22:54:53,330 [Client thread] INFO SGS Treasure! | Treasure.java:585 | Loading plans mods\sgs_treasure\plans\chambers\mines\medium-gold-mine.plans.json
2015-02-03 22:54:53,340 [Client thread] INFO SGS Treasure! | Treasure.java:585 | Loading plans mods\sgs_treasure\plans\chambers\mines\medium-iron-mine.plans.json
2015-02-03 22:54:53,352 [Client thread] INFO SGS Treasure! | Treasure.java:585 | Loading plans mods\sgs_treasure\plans\chambers\mines\small-diamond-mine.plans.json
2015-02-03 22:54:53,362 [Client thread] INFO SGS Treasure! | Treasure.java:585 | Loading plans mods\sgs_treasure\plans\chambers\mines\small-emerald-mine.plans.json
2015-02-03 22:54:53,373 [Client thread] INFO SGS Treasure! | Treasure.java:585 | Loading plans mods\sgs_treasure\plans\chambers\mines\small-gold-mine.plans.json
2015-02-03 22:54:53,386 [Client thread] INFO SGS Treasure! | Treasure.java:585 | Loading plans mods\sgs_treasure\plans\chambers\mines\small-iron-mine.plans.json
2015-02-03 22:54:53,445 [Client thread] INFO SGS Treasure! | Treasure.java:585 | Loading plans mods\sgs_treasure\plans\ships\shallow\contest-ship1.plans.json
2015-02-03 22:54:53,462 [Client thread] INFO SGS Treasure! | Treasure.java:585 | Loading plans mods\sgs_treasure\plans\ships\shallow\dingy.plans.json
2015-02-03 22:54:53,476 [Client thread] INFO SGS Treasure! | Treasure.java:585 | Loading plans mods\sgs_treasure\plans\ships\deep\contest-ship1.plans.json
2015-02-03 22:54:53,490 [Client thread] INFO SGS Treasure! | Treasure.java:585 | Loading plans mods\sgs_treasure\plans\ships\deep\contest-ship2.plans.json
2015-02-03 22:54:53,505 [Client thread] INFO SGS Treasure! | Treasure.java:585 | Loading plans mods\sgs_treasure\plans\ships\deep\ship1.plans.json
2015-02-03 22:54:53,521 [Client thread] INFO SGS Treasure! | Treasure.java:585 | Loading plans mods\sgs_treasure\plans\ships\deep\ship2.plans.json
2015-02-03 22:54:53,537 [Client thread] INFO SGS Treasure! | Treasure.java:585 | Loading plans mods\sgs_treasure\plans\wells\general\well1.plans.json
2015-02-03 22:54:53,546 [Client thread] INFO SGS Treasure! | Treasure.java:585 | Loading plans mods\sgs_treasure\plans\wells\general\well2.plans.json
2015-02-03 22:54:53,559 [Client thread] INFO SGS Treasure! | Treasure.java:585 | Loading plans mods\sgs_treasure\plans\wells\general\chest\well-chest1.plans.json
2015-02-03 22:54:53,569 [Client thread] INFO SGS Treasure! | Treasure.java:585 | Loading plans mods\sgs_treasure\plans\wells\forest\well-mycelium.plans.json
2015-02-03 22:54:53,578 [Client thread] INFO SGS Treasure! | Treasure.java:585 | Loading plans mods\sgs_treasure\plans\buildings\forest\birch-house.plans.json
2015-02-03 22:54:53,587 [Client thread] INFO SGS Treasure! | Treasure.java:585 | Loading plans mods\sgs_treasure\plans\buildings\forest\log-cabin.plans.json
2015-02-03 22:54:53,596 [Client thread] INFO SGS Treasure! | Treasure.java:585 | Loading plans mods\sgs_treasure\plans\buildings\forest\log-cabin2.plans.json
2015-02-03 22:54:53,606 [Client thread] INFO SGS Treasure! | Treasure.java:585 | Loading plans mods\sgs_treasure\plans\buildings\forest\townhouse1.plans.json
2015-02-03 23:03:23,562 [Server thread] INFO SGS Treasure! | WoodenChestGenerator.java:184 | CHEATER! Wooden Chest at coords: 269 31 -290
2015-02-03 23:04:53,901 [Server thread] INFO SGS Treasure! | IronChestGenerator.java:272 | CHEATER! Iron chest at coords: 357 36 -233
2015-02-03 23:05:06,054 [Server thread] INFO SGS Treasure! | WoodenChestGenerator.java:184 | CHEATER! Wooden Chest at coords: 387 34 -78
2015-02-03 23:05:35,245 [Server thread] INFO SGS Treasure! | WoodenChestGenerator.java:184 | CHEATER! Wooden Chest at coords: 429 80 -169
2015-02-03 23:06:06,967 [Server thread] INFO SGS Treasure! | PirateChestGenerator.java:259 | CHEATER! Pirate Chest at coords: 494 33 -82
2015-02-03 23:06:23,304 [Server thread] INFO SGS Treasure! | LockedWoodenChestGenerator.java:189 | CHEATER! Locked Wooden Chest at coords: 529 110 -341
2015-02-03 23:06:48,253 [Server thread] INFO SGS Treasure! | WoodenChestGenerator.java:184 | CHEATER! Wooden Chest at coords: 498 121 -390
2015-02-03 23:07:19,169 [Server thread] INFO SGS Treasure! | IronChestGenerator.java:272 | CHEATER! Iron chest at coords: 597 117 -207
2015-02-03 23:19:13,120 [Client thread] INFO SGS Treasure! | Treasure.java:585 | Loading plans mods\sgs_treasure\plans\chambers\chamber1.plans.json
2015-02-03 23:19:13,213 [Client thread] INFO SGS Treasure! | Treasure.java:585 | Loading plans mods\sgs_treasure\plans\chambers\chamber2.plans.json
2015-02-03 23:19:13,239 [Client thread] INFO SGS Treasure! | Treasure.java:585 | Loading plans mods\sgs_treasure\plans\chambers\chamber3.plans.json
2015-02-03 23:19:13,259 [Client thread] INFO SGS Treasure! | Treasure.java:585 | Loading plans mods\sgs_treasure\plans\chambers\chamber4.plans.json
2015-02-03 23:19:13,275 [Client thread] INFO SGS Treasure! | Treasure.java:585 | Loading plans mods\sgs_treasure\plans\chambers\mines\medium-diamond-mine.plans.json
2015-02-03 23:19:13,295 [Client thread] INFO SGS Treasure! | Treasure.java:585 | Loading plans mods\sgs_treasure\plans\chambers\mines\medium-gold-mine.plans.json
2015-02-03 23:19:13,308 [Client thread] INFO SGS Treasure! | Treasure.java:585 | Loading plans mods\sgs_treasure\plans\chambers\mines\medium-iron-mine.plans.json
2015-02-03 23:19:13,323 [Client thread] INFO SGS Treasure! | Treasure.java:585 | Loading plans mods\sgs_treasure\plans\chambers\mines\small-diamond-mine.plans.json
2015-02-03 23:19:13,341 [Client thread] INFO SGS Treasure! | Treasure.java:585 | Loading plans mods\sgs_treasure\plans\chambers\mines\small-emerald-mine.plans.json
2015-02-03 23:19:13,354 [Client thread] INFO SGS Treasure! | Treasure.java:585 | Loading plans mods\sgs_treasure\plans\chambers\mines\small-gold-mine.plans.json
2015-02-03 23:19:13,366 [Client thread] INFO SGS Treasure! | Treasure.java:585 | Loading plans mods\sgs_treasure\plans\chambers\mines\small-iron-mine.plans.json
2015-02-03 23:19:13,382 [Client thread] INFO SGS Treasure! | Treasure.java:585 | Loading plans mods\sgs_treasure\plans\ships\shallow\contest-ship1.plans.json
2015-02-03 23:19:13,398 [Client thread] INFO SGS Treasure! | Treasure.java:585 | Loading plans mods\sgs_treasure\plans\ships\shallow\dingy.plans.json
2015-02-03 23:19:13,410 [Client thread] INFO SGS Treasure! | Treasure.java:585 | Loading plans mods\sgs_treasure\plans\ships\deep\contest-ship1.plans.json
2015-02-03 23:19:13,442 [Client thread] INFO SGS Treasure! | Treasure.java:585 | Loading plans mods\sgs_treasure\plans\ships\deep\contest-ship2.plans.json
2015-02-03 23:19:13,458 [Client thread] INFO SGS Treasure! | Treasure.java:585 | Loading plans mods\sgs_treasure\plans\ships\deep\ship1.plans.json
2015-02-03 23:19:13,479 [Client thread] INFO SGS Treasure! | Treasure.java:585 | Loading plans mods\sgs_treasure\plans\ships\deep\ship2.plans.json
2015-02-03 23:19:13,494 [Client thread] INFO SGS Treasure! | Treasure.java:585 | Loading plans mods\sgs_treasure\plans\wells\general\well1.plans.json
2015-02-03 23:19:13,503 [Client thread] INFO SGS Treasure! | Treasure.java:585 | Loading plans mods\sgs_treasure\plans\wells\general\well2.plans.json
2015-02-03 23:19:13,515 [Client thread] INFO SGS Treasure! | Treasure.java:585 | Loading plans mods\sgs_treasure\plans\wells\general\chest\well-chest1.plans.json
2015-02-03 23:19:13,524 [Client thread] INFO SGS Treasure! | Treasure.java:585 | Loading plans mods\sgs_treasure\plans\wells\forest\well-mycelium.plans.json
2015-02-03 23:19:13,532 [Client thread] INFO SGS Treasure! | Treasure.java:585 | Loading plans mods\sgs_treasure\plans\buildings\forest\birch-house.plans.json
2015-02-03 23:19:13,540 [Client thread] INFO SGS Treasure! | Treasure.java:585 | Loading plans mods\sgs_treasure\plans\buildings\forest\log-cabin.plans.json
2015-02-03 23:19:13,547 [Client thread] INFO SGS Treasure! | Treasure.java:585 | Loading plans mods\sgs_treasure\plans\buildings\forest\log-cabin2.plans.json
2015-02-03 23:19:13,557 [Client thread] INFO SGS Treasure! | Treasure.java:585 | Loading plans mods\sgs_treasure\plans\buildings\forest\townhouse1.plans.json
2015-02-03 23:32:49,401 [Client thread] INFO SGS Treasure! | Treasure.java:585 | Loading plans mods\sgs_treasure\plans\chambers\chamber1.plans.json
2015-02-03 23:32:49,537 [Client thread] INFO SGS Treasure! | Treasure.java:585 | Loading plans mods\sgs_treasure\plans\chambers\chamber2.plans.json
2015-02-03 23:32:49,564 [Client thread] INFO SGS Treasure! | Treasure.java:585 | Loading plans mods\sgs_treasure\plans\chambers\chamber3.plans.json
2015-02-03 23:32:49,580 [Client thread] INFO SGS Treasure! | Treasure.java:585 | Loading plans mods\sgs_treasure\plans\chambers\chamber4.plans.json
2015-02-03 23:32:49,599 [Client thread] INFO SGS Treasure! | Treasure.java:585 | Loading plans mods\sgs_treasure\plans\chambers\mines\medium-diamond-mine.plans.json
2015-02-03 23:32:49,617 [Client thread] INFO SGS Treasure! | Treasure.java:585 | Loading plans mods\sgs_treasure\plans\chambers\mines\medium-gold-mine.plans.json
2015-02-03 23:32:49,631 [Client thread] INFO SGS Treasure! | Treasure.java:585 | Loading plans mods\sgs_treasure\plans\chambers\mines\medium-iron-mine.plans.json
2015-02-03 23:32:49,647 [Client thread] INFO SGS Treasure! | Treasure.java:585 | Loading plans mods\sgs_treasure\plans\chambers\mines\small-diamond-mine.plans.json
2015-02-03 23:32:49,659 [Client thread] INFO SGS Treasure! | Treasure.java:585 | Loading plans mods\sgs_treasure\plans\chambers\mines\small-emerald-mine.plans.json
2015-02-03 23:32:49,669 [Client thread] INFO SGS Treasure! | Treasure.java:585 | Loading plans mods\sgs_treasure\plans\chambers\mines\small-gold-mine.plans.json
2015-02-03 23:32:49,680 [Client thread] INFO SGS Treasure! | Treasure.java:585 | Loading plans mods\sgs_treasure\plans\chambers\mines\small-iron-mine.plans.json
2015-02-03 23:32:49,701 [Client thread] INFO SGS Treasure! | Treasure.java:585 | Loading plans mods\sgs_treasure\plans\ships\shallow\contest-ship1.plans.json
2015-02-03 23:32:49,718 [Client thread] INFO SGS Treasure! | Treasure.java:585 | Loading plans mods\sgs_treasure\plans\ships\shallow\dingy.plans.json
2015-02-03 23:32:49,728 [Client thread] INFO SGS Treasure! | Treasure.java:585 | Loading plans mods\sgs_treasure\plans\ships\deep\contest-ship1.plans.json
2015-02-03 23:32:49,746 [Client thread] INFO SGS Treasure! | Treasure.java:585 | Loading plans mods\sgs_treasure\plans\ships\deep\contest-ship2.plans.json
2015-02-03 23:32:49,764 [Client thread] INFO SGS Treasure! | Treasure.java:585 | Loading plans mods\sgs_treasure\plans\ships\deep\ship1.plans.json
2015-02-03 23:32:49,781 [Client thread] INFO SGS Treasure! | Treasure.java:585 | Loading plans mods\sgs_treasure\plans\ships\deep\ship2.plans.json
2015-02-03 23:32:49,796 [Client thread] INFO SGS Treasure! | Treasure.java:585 | Loading plans mods\sgs_treasure\plans\wells\general\well1.plans.json
2015-02-03 23:32:49,806 [Client thread] INFO SGS Treasure! | Treasure.java:585 | Loading plans mods\sgs_treasure\plans\wells\general\well2.plans.json
2015-02-03 23:32:49,818 [Client thread] INFO SGS Treasure! | Treasure.java:585 | Loading plans mods\sgs_treasure\plans\wells\general\chest\well-chest1.plans.json
2015-02-03 23:32:49,833 [Client thread] INFO SGS Treasure! | Treasure.java:585 | Loading plans mods\sgs_treasure\plans\wells\forest\well-mycelium.plans.json
2015-02-03 23:32:49,844 [Client thread] INFO SGS Treasure! | Treasure.java:585 | Loading plans mods\sgs_treasure\plans\buildings\forest\birch-house.plans.json
2015-02-03 23:32:49,854 [Client thread] INFO SGS Treasure! | Treasure.java:585 | Loading plans mods\sgs_treasure\plans\buildings\forest\log-cabin.plans.json
2015-02-03 23:32:49,864 [Client thread] INFO SGS Treasure! | Treasure.java:585 | Loading plans mods\sgs_treasure\plans\buildings\forest\log-cabin2.plans.json
2015-02-03 23:32:49,874 [Client thread] INFO SGS Treasure! | Treasure.java:585 | Loading plans mods\sgs_treasure\plans\buildings\forest\townhouse1.plans.json
2015-02-04 14:20:27,104 [Client thread] INFO SGS Treasure! | Treasure.java:585 | Loading plans mods\sgs_treasure\plans\chambers\chamber1.plans.json
2015-02-04 14:20:27,590 [Client thread] INFO SGS Treasure! | Treasure.java:585 | Loading plans mods\sgs_treasure\plans\chambers\chamber2.plans.json
2015-02-04 14:20:27,730 [Client thread] INFO SGS Treasure! | Treasure.java:585 | Loading plans mods\sgs_treasure\plans\chambers\chamber3.plans.json
2015-02-04 14:20:27,816 [Client thread] INFO SGS Treasure! | Treasure.java:585 | Loading plans mods\sgs_treasure\plans\chambers\chamber4.plans.json
2015-02-04 14:20:27,869 [Client thread] INFO SGS Treasure! | Treasure.java:585 | Loading plans mods\sgs_treasure\plans\chambers\mines\medium-diamond-mine.plans.json
2015-02-04 14:20:27,923 [Client thread] INFO SGS Treasure! | Treasure.java:585 | Loading plans mods\sgs_treasure\plans\chambers\mines\medium-gold-mine.plans.json
2015-02-04 14:20:27,970 [Client thread] INFO SGS Treasure! | Treasure.java:585 | Loading plans mods\sgs_treasure\plans\chambers\mines\medium-iron-mine.plans.json
2015-02-04 14:20:28,035 [Client thread] INFO SGS Treasure! | Treasure.java:585 | Loading plans mods\sgs_treasure\plans\chambers\mines\small-diamond-mine.plans.json
2015-02-04 14:20:28,106 [Client thread] INFO SGS Treasure! | Treasure.java:585 | Loading plans mods\sgs_treasure\plans\chambers\mines\small-emerald-mine.plans.json
2015-02-04 14:20:28,202 [Client thread] INFO SGS Treasure! | Treasure.java:585 | Loading plans mods\sgs_treasure\plans\chambers\mines\small-gold-mine.plans.json
2015-02-04 14:20:28,281 [Client thread] INFO SGS Treasure! | Treasure.java:585 | Loading plans mods\sgs_treasure\plans\chambers\mines\small-iron-mine.plans.json
2015-02-04 14:20:28,352 [Client thread] INFO SGS Treasure! | Treasure.java:585 | Loading plans mods\sgs_treasure\plans\ships\shallow\contest-ship1.plans.json
2015-02-04 14:20:28,406 [Client thread] INFO SGS Treasure! | Treasure.java:585 | Loading plans mods\sgs_treasure\plans\ships\shallow\dingy.plans.json
2015-02-04 14:20:28,453 [Client thread] INFO SGS Treasure! | Treasure.java:585 | Loading plans mods\sgs_treasure\plans\ships\deep\contest-ship1.plans.json
2015-02-04 14:20:28,496 [Client thread] INFO SGS Treasure! | Treasure.java:585 | Loading plans mods\sgs_treasure\plans\ships\deep\contest-ship2.plans.json
2015-02-04 14:20:28,574 [Client thread] INFO SGS Treasure! | Treasure.java:585 | Loading plans mods\sgs_treasure\plans\ships\deep\ship1.plans.json
2015-02-04 14:20:28,706 [Client thread] INFO SGS Treasure! | Treasure.java:585 | Loading plans mods\sgs_treasure\plans\ships\deep\ship2.plans.json
2015-02-04 14:20:28,764 [Client thread] INFO SGS Treasure! | Treasure.java:585 | Loading plans mods\sgs_treasure\plans\wells\general\well1.plans.json
2015-02-04 14:20:28,804 [Client thread] INFO SGS Treasure! | Treasure.java:585 | Loading plans mods\sgs_treasure\plans\wells\general\well2.plans.json
2015-02-04 14:20:28,838 [Client thread] INFO SGS Treasure! | Treasure.java:585 | Loading plans mods\sgs_treasure\plans\wells\general\chest\well-chest1.plans.json
2015-02-04 14:20:28,865 [Client thread] INFO SGS Treasure! | Treasure.java:585 | Loading plans mods\sgs_treasure\plans\wells\forest\well-mycelium.plans.json
2015-02-04 14:20:28,902 [Client thread] INFO SGS Treasure! | Treasure.java:585 | Loading plans mods\sgs_treasure\plans\buildings\forest\birch-house.plans.json
2015-02-04 14:20:28,953 [Client thread] INFO SGS Treasure! | Treasure.java:585 | Loading plans mods\sgs_treasure\plans\buildings\forest\log-cabin.plans.json
2015-02-04 14:20:29,001 [Client thread] INFO SGS Treasure! | Treasure.java:585 | Loading plans mods\sgs_treasure\plans\buildings\forest\log-cabin2.plans.json
2015-02-04 14:20:29,033 [Client thread] INFO SGS Treasure! | Treasure.java:585 | Loading plans mods\sgs_treasure\plans\buildings\forest\townhouse1.plans.json
2015-02-04 14:41:07,725 [Client thread] INFO SGS Treasure! | Treasure.java:585 | Loading plans mods\sgs_treasure\plans\chambers\chamber1.plans.json
2015-02-04 14:41:08,212 [Client thread] INFO SGS Treasure! | Treasure.java:585 | Loading plans mods\sgs_treasure\plans\chambers\chamber2.plans.json
2015-02-04 14:41:08,307 [Client thread] INFO SGS Treasure! | Treasure.java:585 | Loading plans mods\sgs_treasure\plans\chambers\chamber3.plans.json
2015-02-04 14:41:08,369 [Client thread] INFO SGS Treasure! | Treasure.java:585 | Loading plans mods\sgs_treasure\plans\chambers\chamber4.plans.json
2015-02-04 14:41:08,484 [Client thread] INFO SGS Treasure! | Treasure.java:585 | Loading plans mods\sgs_treasure\plans\chambers\mines\medium-diamond-mine.plans.json
2015-02-04 14:41:08,548 [Client thread] INFO SGS Treasure! | Treasure.java:585 | Loading plans mods\sgs_treasure\plans\chambers\mines\medium-gold-mine.plans.json
2015-02-04 14:41:08,603 [Client thread] INFO SGS Treasure! | Treasure.java:585 | Loading plans mods\sgs_treasure\plans\chambers\mines\medium-iron-mine.plans.json
2015-02-04 14:41:08,727 [Client thread] INFO SGS Treasure! | Treasure.java:585 | Loading plans mods\sgs_treasure\plans\chambers\mines\small-diamond-mine.plans.json
2015-02-04 14:41:08,770 [Client thread] INFO SGS Treasure! | Treasure.java:585 | Loading plans mods\sgs_treasure\plans\chambers\mines\small-emerald-mine.plans.json
2015-02-04 14:41:08,808 [Client thread] INFO SGS Treasure! | Treasure.java:585 | Loading plans mods\sgs_treasure\plans\chambers\mines\small-gold-mine.plans.json
2015-02-04 14:41:08,849 [Client thread] INFO SGS Treasure! | Treasure.java:585 | Loading plans mods\sgs_treasure\plans\chambers\mines\small-iron-mine.plans.json
2015-02-04 14:41:08,895 [Client thread] INFO SGS Treasure! | Treasure.java:585 | Loading plans mods\sgs_treasure\plans\ships\shallow\contest-ship1.plans.json
2015-02-04 14:41:08,952 [Client thread] INFO SGS Treasure! | Treasure.java:585 | Loading plans mods\sgs_treasure\plans\ships\shallow\dingy.plans.json
2015-02-04 14:41:09,006 [Client thread] INFO SGS Treasure! | Treasure.java:585 | Loading plans mods\sgs_treasure\plans\ships\deep\contest-ship1.plans.json
2015-02-04 14:41:09,083 [Client thread] INFO SGS Treasure! | Treasure.java:585 | Loading plans mods\sgs_treasure\plans\ships\deep\contest-ship2.plans.json
2015-02-04 14:41:09,189 [Client thread] INFO SGS Treasure! | Treasure.java:585 | Loading plans mods\sgs_treasure\plans\ships\deep\ship1.plans.json
2015-02-04 14:41:09,296 [Client thread] INFO SGS Treasure! | Treasure.java:585 | Loading plans mods\sgs_treasure\plans\ships\deep\ship2.plans.json
2015-02-04 14:41:09,356 [Client thread] INFO SGS Treasure! | Treasure.java:585 | Loading plans mods\sgs_treasure\plans\wells\general\well1.plans.json
2015-02-04 14:41:09,398 [Client thread] INFO SGS Treasure! | Treasure.java:585 | Loading plans mods\sgs_treasure\plans\wells\general\well2.plans.json
2015-02-04 14:41:09,436 [Client thread] INFO SGS Treasure! | Treasure.java:585 | Loading plans mods\sgs_treasure\plans\wells\general\chest\well-chest1.plans.json
2015-02-04 14:41:09,474 [Client thread] INFO SGS Treasure! | Treasure.java:585 | Loading plans mods\sgs_treasure\plans\wells\forest\well-mycelium.plans.json
2015-02-04 14:41:09,513 [Client thread] INFO SGS Treasure! | Treasure.java:585 | Loading plans mods\sgs_treasure\plans\buildings\forest\birch-house.plans.json
2015-02-04 14:41:09,567 [Client thread] INFO SGS Treasure! | Treasure.java:585 | Loading plans mods\sgs_treasure\plans\buildings\forest\log-cabin.plans.json
2015-02-04 14:41:09,610 [Client thread] INFO SGS Treasure! | Treasure.java:585 | Loading plans mods\sgs_treasure\plans\buildings\forest\log-cabin2.plans.json
2015-02-04 14:41:09,640 [Client thread] INFO SGS Treasure! | Treasure.java:585 | Loading plans mods\sgs_treasure\plans\buildings\forest\townhouse1.plans.json
2015-02-04 15:22:11,789 [Client thread] INFO SGS Treasure! | Treasure.java:585 | Loading plans mods\sgs_treasure\plans\chambers\chamber1.plans.json
2015-02-04 15:22:12,182 [Client thread] INFO SGS Treasure! | Treasure.java:585 | Loading plans mods\sgs_treasure\plans\chambers\chamber2.plans.json
2015-02-04 15:22:12,284 [Client thread] INFO SGS Treasure! | Treasure.java:585 | Loading plans mods\sgs_treasure\plans\chambers\chamber3.plans.json
2015-02-04 15:22:12,350 [Client thread] INFO SGS Treasure! | Treasure.java:585 | Loading plans mods\sgs_treasure\plans\chambers\chamber4.plans.json
2015-02-04 15:22:12,445 [Client thread] INFO SGS Treasure! | Treasure.java:585 | Loading plans mods\sgs_treasure\plans\chambers\mines\medium-diamond-mine.plans.json
2015-02-04 15:22:12,584 [Client thread] INFO SGS Treasure! | Treasure.java:585 | Loading plans mods\sgs_treasure\plans\chambers\mines\medium-gold-mine.plans.json
2015-02-04 15:22:12,745 [Client thread] INFO SGS Treasure! | Treasure.java:585 | Loading plans mods\sgs_treasure\plans\chambers\mines\medium-iron-mine.plans.json
2015-02-04 15:22:12,858 [Client thread] INFO SGS Treasure! | Treasure.java:585 | Loading plans mods\sgs_treasure\plans\chambers\mines\small-diamond-mine.plans.json
2015-02-04 15:22:12,898 [Client thread] INFO SGS Treasure! | Treasure.java:585 | Loading plans mods\sgs_treasure\plans\chambers\mines\small-emerald-mine.plans.json
2015-02-04 15:22:12,941 [Client thread] INFO SGS Treasure! | Treasure.java:585 | Loading plans mods\sgs_treasure\plans\chambers\mines\small-gold-mine.plans.json
2015-02-04 15:22:13,065 [Client thread] INFO SGS Treasure! | Treasure.java:585 | Loading plans mods\sgs_treasure\plans\chambers\mines\small-iron-mine.plans.json
2015-02-04 15:22:13,204 [Client thread] INFO SGS Treasure! | Treasure.java:585 | Loading plans mods\sgs_treasure\plans\ships\shallow\contest-ship1.plans.json
2015-02-04 15:22:13,301 [Client thread] INFO SGS Treasure! | Treasure.java:585 | Loading plans mods\sgs_treasure\plans\ships\shallow\dingy.plans.json
2015-02-04 15:22:13,391 [Client thread] INFO SGS Treasure! | Treasure.java:585 | Loading plans mods\sgs_treasure\plans\ships\deep\contest-ship1.plans.json
2015-02-04 15:22:13,519 [Client thread] INFO SGS Treasure! | Treasure.java:585 | Loading plans mods\sgs_treasure\plans\ships\deep\contest-ship2.plans.json
2015-02-04 15:22:13,654 [Client thread] INFO SGS Treasure! | Treasure.java:585 | Loading plans mods\sgs_treasure\plans\ships\deep\ship1.plans.json
2015-02-04 15:22:13,765 [Client thread] INFO SGS Treasure! | Treasure.java:585 | Loading plans mods\sgs_treasure\plans\ships\deep\ship2.plans.json
2015-02-04 15:22:13,890 [Client thread] INFO SGS Treasure! | Treasure.java:585 | Loading plans mods\sgs_treasure\plans\wells\general\well1.plans.json
2015-02-04 15:22:14,006 [Client thread] INFO SGS Treasure! | Treasure.java:585 | Loading plans mods\sgs_treasure\plans\wells\general\well2.plans.json
2015-02-04 15:22:14,055 [Client thread] INFO SGS Treasure! | Treasure.java:585 | Loading plans mods\sgs_treasure\plans\wells\general\chest\well-chest1.plans.json
2015-02-04 15:22:14,095 [Client thread] INFO SGS Treasure! | Treasure.java:585 | Loading plans mods\sgs_treasure\plans\wells\forest\well-mycelium.plans.json
2015-02-04 15:22:14,140 [Client thread] INFO SGS Treasure! | Treasure.java:585 | Loading plans mods\sgs_treasure\plans\buildings\forest\birch-house.plans.json
2015-02-04 15:22:14,191 [Client thread] INFO SGS Treasure! | Treasure.java:585 | Loading plans mods\sgs_treasure\plans\buildings\forest\log-cabin.plans.json
2015-02-04 15:22:14,242 [Client thread] INFO SGS Treasure! | Treasure.java:585 | Loading plans mods\sgs_treasure\plans\buildings\forest\log-cabin2.plans.json
2015-02-04 15:22:14,364 [Client thread] INFO SGS Treasure! | Treasure.java:585 | Loading plans mods\sgs_treasure\plans\buildings\forest\townhouse1.plans.json
2015-02-04 20:17:26,894 [Client thread] INFO SGS Treasure! | Treasure.java:585 | Loading plans mods\sgs_treasure\plans\chambers\chamber1.plans.json
2015-02-04 20:17:27,112 [Client thread] INFO SGS Treasure! | Treasure.java:585 | Loading plans mods\sgs_treasure\plans\chambers\chamber2.plans.json
2015-02-04 20:17:27,216 [Client thread] INFO SGS Treasure! | Treasure.java:585 | Loading plans mods\sgs_treasure\plans\chambers\chamber3.plans.json
2015-02-04 20:17:27,244 [Client thread] INFO SGS Treasure! | Treasure.java:585 | Loading plans mods\sgs_treasure\plans\chambers\chamber4.plans.json
2015-02-04 20:17:27,273 [Client thread] INFO SGS Treasure! | Treasure.java:585 | Loading plans mods\sgs_treasure\plans\chambers\mines\medium-diamond-mine.plans.json
2015-02-04 20:17:27,312 [Client thread] INFO SGS Treasure! | Treasure.java:585 | Loading plans mods\sgs_treasure\plans\chambers\mines\medium-gold-mine.plans.json
2015-02-04 20:17:27,345 [Client thread] INFO SGS Treasure! | Treasure.java:585 | Loading plans mods\sgs_treasure\plans\chambers\mines\medium-iron-mine.plans.json
2015-02-04 20:17:27,375 [Client thread] INFO SGS Treasure! | Treasure.java:585 | Loading plans mods\sgs_treasure\plans\chambers\mines\small-diamond-mine.plans.json
2015-02-04 20:17:27,390 [Client thread] INFO SGS Treasure! | Treasure.java:585 | Loading plans mods\sgs_treasure\plans\chambers\mines\small-emerald-mine.plans.json
2015-02-04 20:17:27,405 [Client thread] INFO SGS Treasure! | Treasure.java:585 | Loading plans mods\sgs_treasure\plans\chambers\mines\small-gold-mine.plans.json
2015-02-04 20:17:27,423 [Client thread] INFO SGS Treasure! | Treasure.java:585 | Loading plans mods\sgs_treasure\plans\chambers\mines\small-iron-mine.plans.json
2015-02-04 20:17:27,452 [Client thread] INFO SGS Treasure! | Treasure.java:585 | Loading plans mods\sgs_treasure\plans\ships\shallow\contest-ship1.plans.json
2015-02-04 20:17:27,483 [Client thread] INFO SGS Treasure! | Treasure.java:585 | Loading plans mods\sgs_treasure\plans\ships\shallow\dingy.plans.json
2015-02-04 20:17:27,500 [Client thread] INFO SGS Treasure! | Treasure.java:585 | Loading plans mods\sgs_treasure\plans\ships\deep\contest-ship1.plans.json
2015-02-04 20:17:27,528 [Client thread] INFO SGS Treasure! | Treasure.java:585 | Loading plans mods\sgs_treasure\plans\ships\deep\contest-ship2.plans.json
2015-02-04 20:17:27,557 [Client thread] INFO SGS Treasure! | Treasure.java:585 | Loading plans mods\sgs_treasure\plans\ships\deep\ship1.plans.json
2015-02-04 20:17:27,590 [Client thread] INFO SGS Treasure! | Treasure.java:585 | Loading plans mods\sgs_treasure\plans\ships\deep\ship2.plans.json
2015-02-04 20:17:27,611 [Client thread] INFO SGS Treasure! | Treasure.java:585 | Loading plans mods\sgs_treasure\plans\wells\general\well1.plans.json
2015-02-04 20:17:27,670 [Client thread] INFO SGS Treasure! | Treasure.java:585 | Loading plans mods\sgs_treasure\plans\wells\general\well2.plans.json
2015-02-04 20:17:27,697 [Client thread] INFO SGS Treasure! | Treasure.java:585 | Loading plans mods\sgs_treasure\plans\wells\general\chest\well-chest1.plans.json
2015-02-04 20:17:27,716 [Client thread] INFO SGS Treasure! | Treasure.java:585 | Loading plans mods\sgs_treasure\plans\wells\forest\well-mycelium.plans.json
2015-02-04 20:17:27,730 [Client thread] INFO SGS Treasure! | Treasure.java:585 | Loading plans mods\sgs_treasure\plans\buildings\forest\birch-house.plans.json
2015-02-04 20:17:27,746 [Client thread] INFO SGS Treasure! | Treasure.java:585 | Loading plans mods\sgs_treasure\plans\buildings\forest\log-cabin.plans.json
2015-02-04 20:17:27,770 [Client thread] INFO SGS Treasure! | Treasure.java:585 | Loading plans mods\sgs_treasure\plans\buildings\forest\log-cabin2.plans.json
2015-02-04 20:17:27,782 [Client thread] INFO SGS Treasure! | Treasure.java:585 | Loading plans mods\sgs_treasure\plans\buildings\forest\townhouse1.plans.json
2015-02-04 20:30:17,234 [Client thread] INFO SGS Treasure! | Treasure.java:585 | Loading plans mods\sgs_treasure\plans\chambers\chamber1.plans.json
2015-02-04 20:30:17,644 [Client thread] INFO SGS Treasure! | Treasure.java:585 | Loading plans mods\sgs_treasure\plans\chambers\chamber2.plans.json
2015-02-04 20:30:17,727 [Client thread] INFO SGS Treasure! | Treasure.java:585 | Loading plans mods\sgs_treasure\plans\chambers\chamber3.plans.json
2015-02-04 20:30:17,773 [Client thread] INFO SGS Treasure! | Treasure.java:585 | Loading plans mods\sgs_treasure\plans\chambers\chamber4.plans.json
2015-02-04 20:30:17,841 [Client thread] INFO SGS Treasure! | Treasure.java:585 | Loading plans mods\sgs_treasure\plans\chambers\mines\medium-diamond-mine.plans.json
2015-02-04 20:30:17,904 [Client thread] INFO SGS Treasure! | Treasure.java:585 | Loading plans mods\sgs_treasure\plans\chambers\mines\medium-gold-mine.plans.json
2015-02-04 20:30:17,951 [Client thread] INFO SGS Treasure! | Treasure.java:585 | Loading plans mods\sgs_treasure\plans\chambers\mines\medium-iron-mine.plans.json
2015-02-04 20:30:17,997 [Client thread] INFO SGS Treasure! | Treasure.java:585 | Loading plans mods\sgs_treasure\plans\chambers\mines\small-diamond-mine.plans.json
2015-02-04 20:30:18,040 [Client thread] INFO SGS Treasure! | Treasure.java:585 | Loading plans mods\sgs_treasure\plans\chambers\mines\small-emerald-mine.plans.json
2015-02-04 20:30:18,080 [Client thread] INFO SGS Treasure! | Treasure.java:585 | Loading plans mods\sgs_treasure\plans\chambers\mines\small-gold-mine.plans.json
2015-02-04 20:30:18,119 [Client thread] INFO SGS Treasure! | Treasure.java:585 | Loading plans mods\sgs_treasure\plans\chambers\mines\small-iron-mine.plans.json
2015-02-04 20:30:18,159 [Client thread] INFO SGS Treasure! | Treasure.java:585 | Loading plans mods\sgs_treasure\plans\ships\shallow\contest-ship1.plans.json
2015-02-04 20:30:18,210 [Client thread] INFO SGS Treasure! | Treasure.java:585 | Loading plans mods\sgs_treasure\plans\ships\shallow\dingy.plans.json
2015-02-04 20:30:18,253 [Client thread] INFO SGS Treasure! | Treasure.java:585 | Loading plans mods\sgs_treasure\plans\ships\deep\contest-ship1.plans.json
2015-02-04 20:30:18,304 [Client thread] INFO SGS Treasure! | Treasure.java:585 | Loading plans mods\sgs_treasure\plans\ships\deep\contest-ship2.plans.json
2015-02-04 20:30:18,368 [Client thread] INFO SGS Treasure! | Treasure.java:585 | Loading plans mods\sgs_treasure\plans\ships\deep\ship1.plans.json
2015-02-04 20:30:18,432 [Client thread] INFO SGS Treasure! | Treasure.java:585 | Loading plans mods\sgs_treasure\plans\ships\deep\ship2.plans.json
2015-02-04 20:30:18,503 [Client thread] INFO SGS Treasure! | Treasure.java:585 | Loading plans mods\sgs_treasure\plans\wells\general\well1.plans.json
2015-02-04 20:30:18,538 [Client thread] INFO SGS Treasure! | Treasure.java:585 | Loading plans mods\sgs_treasure\plans\wells\general\well2.plans.json
2015-02-04 20:30:18,574 [Client thread] INFO SGS Treasure! | Treasure.java:585 | Loading plans mods\sgs_treasure\plans\wells\general\chest\well-chest1.plans.json
2015-02-04 20:30:18,612 [Client thread] INFO SGS Treasure! | Treasure.java:585 | Loading plans mods\sgs_treasure\plans\wells\forest\well-mycelium.plans.json
2015-02-04 20:30:18,648 [Client thread] INFO SGS Treasure! | Treasure.java:585 | Loading plans mods\sgs_treasure\plans\buildings\forest\birch-house.plans.json
2015-02-04 20:30:18,677 [Client thread] INFO SGS Treasure! | Treasure.java:585 | Loading plans mods\sgs_treasure\plans\buildings\forest\log-cabin.plans.json
2015-02-04 20:30:18,714 [Client thread] INFO SGS Treasure! | Treasure.java:585 | Loading plans mods\sgs_treasure\plans\buildings\forest\log-cabin2.plans.json
2015-02-04 20:30:18,746 [Client thread] INFO SGS Treasure! | Treasure.java:585 | Loading plans mods\sgs_treasure\plans\buildings\forest\townhouse1.plans.json
2015-02-04 20:37:55,816 [Client thread] INFO SGS Treasure! | Treasure.java:585 | Loading plans mods\sgs_treasure\plans\chambers\chamber1.plans.json
2015-02-04 20:37:56,156 [Client thread] INFO SGS Treasure! | Treasure.java:585 | Loading plans mods\sgs_treasure\plans\chambers\chamber2.plans.json
2015-02-04 20:37:56,354 [Client thread] INFO SGS Treasure! | Treasure.java:585 | Loading plans mods\sgs_treasure\plans\chambers\chamber3.plans.json
2015-02-04 20:37:56,434 [Client thread] INFO SGS Treasure! | Treasure.java:585 | Loading plans mods\sgs_treasure\plans\chambers\chamber4.plans.json
2015-02-04 20:37:56,489 [Client thread] INFO SGS Treasure! | Treasure.java:585 | Loading plans mods\sgs_treasure\plans\chambers\mines\medium-diamond-mine.plans.json
2015-02-04 20:37:56,540 [Client thread] INFO SGS Treasure! | Treasure.java:585 | Loading plans mods\sgs_treasure\plans\chambers\mines\medium-gold-mine.plans.json
2015-02-04 20:37:56,588 [Client thread] INFO SGS Treasure! | Treasure.java:585 | Loading plans mods\sgs_treasure\plans\chambers\mines\medium-iron-mine.plans.json
2015-02-04 20:37:56,630 [Client thread] INFO SGS Treasure! | Treasure.java:585 | Loading plans mods\sgs_treasure\plans\chambers\mines\small-diamond-mine.plans.json
2015-02-04 20:37:56,667 [Client thread] INFO SGS Treasure! | Treasure.java:585 | Loading plans mods\sgs_treasure\plans\chambers\mines\small-emerald-mine.plans.json
2015-02-04 20:37:56,705 [Client thread] INFO SGS Treasure! | Treasure.java:585 | Loading plans mods\sgs_treasure\plans\chambers\mines\small-gold-mine.plans.json
2015-02-04 20:37:56,744 [Client thread] INFO SGS Treasure! | Treasure.java:585 | Loading plans mods\sgs_treasure\plans\chambers\mines\small-iron-mine.plans.json
2015-02-04 20:37:56,785 [Client thread] INFO SGS Treasure! | Treasure.java:585 | Loading plans mods\sgs_treasure\plans\ships\shallow\contest-ship1.plans.json
2015-02-04 20:37:56,854 [Client thread] INFO SGS Treasure! | Treasure.java:585 | Loading plans mods\sgs_treasure\plans\ships\shallow\dingy.plans.json
2015-02-04 20:37:56,909 [Client thread] INFO SGS Treasure! | Treasure.java:585 | Loading plans mods\sgs_treasure\plans\ships\deep\contest-ship1.plans.json
2015-02-04 20:37:56,955 [Client thread] INFO SGS Treasure! | Treasure.java:585 | Loading plans mods\sgs_treasure\plans\ships\deep\contest-ship2.plans.json
2015-02-04 20:37:57,008 [Client thread] INFO SGS Treasure! | Treasure.java:585 | Loading plans mods\sgs_treasure\plans\ships\deep\ship1.plans.json
2015-02-04 20:37:57,065 [Client thread] INFO SGS Treasure! | Treasure.java:585 | Loading plans mods\sgs_treasure\plans\ships\deep\ship2.plans.json
2015-02-04 20:37:57,120 [Client thread] INFO SGS Treasure! | Treasure.java:585 | Loading plans mods\sgs_treasure\plans\wells\general\well1.plans.json
2015-02-04 20:37:57,152 [Client thread] INFO SGS Treasure! | Treasure.java:585 | Loading plans mods\sgs_treasure\plans\wells\general\well2.plans.json
2015-02-04 20:37:57,189 [Client thread] INFO SGS Treasure! | Treasure.java:585 | Loading plans mods\sgs_treasure\plans\wells\general\chest\well-chest1.plans.json
2015-02-04 20:37:57,224 [Client thread] INFO SGS Treasure! | Treasure.java:585 | Loading plans mods\sgs_treasure\plans\wells\forest\well-mycelium.plans.json
2015-02-04 20:37:57,250 [Client thread] INFO SGS Treasure! | Treasure.java:585 | Loading plans mods\sgs_treasure\plans\buildings\forest\birch-house.plans.json
2015-02-04 20:37:57,280 [Client thread] INFO SGS Treasure! | Treasure.java:585 | Loading plans mods\sgs_treasure\plans\buildings\forest\log-cabin.plans.json
2015-02-04 20:37:57,309 [Client thread] INFO SGS Treasure! | Treasure.java:585 | Loading plans mods\sgs_treasure\plans\buildings\forest\log-cabin2.plans.json
2015-02-04 20:37:57,335 [Client thread] INFO SGS Treasure! | Treasure.java:585 | Loading plans mods\sgs_treasure\plans\buildings\forest\townhouse1.plans.json
2015-02-05 09:44:14,664 [Client thread] INFO SGS Treasure! | Treasure.java:585 | Loading plans mods\sgs_treasure\plans\chambers\chamber1.plans.json
2015-02-05 09:44:15,163 [Client thread] INFO SGS Treasure! | Treasure.java:585 | Loading plans mods\sgs_treasure\plans\chambers\chamber2.plans.json
2015-02-05 09:44:15,297 [Client thread] INFO SGS Treasure! | Treasure.java:585 | Loading plans mods\sgs_treasure\plans\chambers\chamber3.plans.json
2015-02-05 09:44:15,394 [Client thread] INFO SGS Treasure! | Treasure.java:585 | Loading plans mods\sgs_treasure\plans\chambers\chamber4.plans.json
2015-02-05 09:44:15,469 [Client thread] INFO SGS Treasure! | Treasure.java:585 | Loading plans mods\sgs_treasure\plans\chambers\mines\medium-diamond-mine.plans.json
2015-02-05 09:44:15,545 [Client thread] INFO SGS Treasure! | Treasure.java:585 | Loading plans mods\sgs_treasure\plans\chambers\mines\medium-gold-mine.plans.json
2015-02-05 09:44:15,581 [Client thread] INFO SGS Treasure! | Treasure.java:585 | Loading plans mods\sgs_treasure\plans\chambers\mines\medium-iron-mine.plans.json
2015-02-05 09:44:15,621 [Client thread] INFO SGS Treasure! | Treasure.java:585 | Loading plans mods\sgs_treasure\plans\chambers\mines\small-diamond-mine.plans.json
2015-02-05 09:44:15,659 [Client thread] INFO SGS Treasure! | Treasure.java:585 | Loading plans mods\sgs_treasure\plans\chambers\mines\small-emerald-mine.plans.json
2015-02-05 09:44:15,691 [Client thread] INFO SGS Treasure! | Treasure.java:585 | Loading plans mods\sgs_treasure\plans\chambers\mines\small-gold-mine.plans.json
2015-02-05 09:44:15,747 [Client thread] INFO SGS Treasure! | Treasure.java:585 | Loading plans mods\sgs_treasure\plans\chambers\mines\small-iron-mine.plans.json
2015-02-05 09:44:15,814 [Client thread] INFO SGS Treasure! | Treasure.java:585 | Loading plans mods\sgs_treasure\plans\ships\shallow\contest-ship1.plans.json
2015-02-05 09:44:15,858 [Client thread] INFO SGS Treasure! | Treasure.java:585 | Loading plans mods\sgs_treasure\plans\ships\shallow\dingy.plans.json
2015-02-05 09:44:15,916 [Client thread] INFO SGS Treasure! | Treasure.java:585 | Loading plans mods\sgs_treasure\plans\ships\deep\contest-ship1.plans.json
2015-02-05 09:44:15,983 [Client thread] INFO SGS Treasure! | Treasure.java:585 | Loading plans mods\sgs_treasure\plans\ships\deep\contest-ship2.plans.json
2015-02-05 09:44:16,021 [Client thread] INFO SGS Treasure! | Treasure.java:585 | Loading plans mods\sgs_treasure\plans\ships\deep\ship1.plans.json
2015-02-05 09:44:16,066 [Client thread] INFO SGS Treasure! | Treasure.java:585 | Loading plans mods\sgs_treasure\plans\ships\deep\ship2.plans.json
2015-02-05 09:44:16,114 [Client thread] INFO SGS Treasure! | Treasure.java:585 | Loading plans mods\sgs_treasure\plans\wells\general\well1.plans.json
2015-02-05 09:44:16,156 [Client thread] INFO SGS Treasure! | Treasure.java:585 | Loading plans mods\sgs_treasure\plans\wells\general\well2.plans.json
2015-02-05 09:44:16,202 [Client thread] INFO SGS Treasure! | Treasure.java:585 | Loading plans mods\sgs_treasure\plans\wells\general\chest\well-chest1.plans.json
2015-02-05 09:44:16,226 [Client thread] INFO SGS Treasure! | Treasure.java:585 | Loading plans mods\sgs_treasure\plans\wells\forest\well-mycelium.plans.json
2015-02-05 09:44:16,246 [Client thread] INFO SGS Treasure! | Treasure.java:585 | Loading plans mods\sgs_treasure\plans\buildings\forest\birch-house.plans.json
2015-02-05 09:44:16,278 [Client thread] INFO SGS Treasure! | Treasure.java:585 | Loading plans mods\sgs_treasure\plans\buildings\forest\log-cabin.plans.json
2015-02-05 09:44:16,300 [Client thread] INFO SGS Treasure! | Treasure.java:585 | Loading plans mods\sgs_treasure\plans\buildings\forest\log-cabin2.plans.json
2015-02-05 09:44:16,322 [Client thread] INFO SGS Treasure! | Treasure.java:585 | Loading plans mods\sgs_treasure\plans\buildings\forest\townhouse1.plans.json
